#
# There is insufficient memory for the Java Runtime Environment to continue.
# Native memory allocation (mmap) failed to map 121634816 bytes for committing reserved memory.
# Possible reasons:
#   The system is out of physical RAM or swap space
#   In 32 bit mode, the process size limit was hit
# Possible solutions:
#   Reduce memory load on the system
#   Increase physical memory or swap space
#   Check if swap backing store is full
#   Use 64 bit Java on a 64 bit OS
#   Decrease Java heap size (-Xmx/-Xms)
#   Decrease number of Java threads
#   Decrease Java thread stack sizes (-Xss)
#   Set larger code cache with -XX:ReservedCodeCacheSize=
# This output file may be truncated or incomplete.
#
#  Out of Memory Error (os_linux.cpp:2673), pid=17517, tid=140331350882048
#
# JRE version: Java(TM) SE Runtime Environment (8.0_45-b14) (build 1.8.0_45-b14)
# Java VM: Java HotSpot(TM) 64-Bit Server VM (25.45-b02 mixed mode linux-amd64 compressed oops)
# Failed to write core dump. Core dumps have been disabled. To enable core dumping, try "ulimit -c unlimited" before starting Java again
#

---------------  T H R E A D  ---------------

Current thread (0x00007fa19c082800):  VMThread [stack: 0x00007fa17041f000,0x00007fa170520000] [id=17532]

Stack: [0x00007fa17041f000,0x00007fa170520000],  sp=0x00007fa17051e060,  free space=1020k
Native frames: (J=compiled Java code, j=interpreted, Vv=VM code, C=native code)
V  [libjvm.so+0xaac99a]  VMError::report_and_die()+0x2ba
V  [libjvm.so+0x4f333b]  report_vm_out_of_memory(char const*, int, unsigned long, VMErrorType, char const*)+0x8b
V  [libjvm.so+0x90e7c3]  os::Linux::commit_memory_impl(char*, unsigned long, bool)+0x103
V  [libjvm.so+0x90ed19]  os::pd_commit_memory(char*, unsigned long, unsigned long, bool)+0x29
V  [libjvm.so+0x90867a]  os::commit_memory(char*, unsigned long, unsigned long, bool)+0x2a
V  [libjvm.so+0x97bac3]  PSVirtualSpace::expand_by(unsigned long)+0x53
V  [libjvm.so+0x97cec8]  PSYoungGen::resize_generation(unsigned long, unsigned long)+0xf8
V  [libjvm.so+0x97c022]  PSYoungGen::resize(unsigned long, unsigned long)+0x22
V  [libjvm.so+0x9792fb]  PSScavenge::invoke_no_policy()+0xf7b
V  [libjvm.so+0x979a81]  PSScavenge::invoke()+0x41
V  [libjvm.so+0x932050]  ParallelScavengeHeap::failed_mem_allocate(unsigned long)+0x70
V  [libjvm.so+0xaae1d7]  VM_ParallelGCFailedAllocation::doit()+0x97
V  [libjvm.so+0xab59c5]  VM_Operation::evaluate()+0x55
V  [libjvm.so+0xab3d9a]  VMThread::evaluate_operation(VM_Operation*)+0xba
V  [libjvm.so+0xab411e]  VMThread::loop()+0x1ce
V  [libjvm.so+0xab4590]  VMThread::run()+0x70
V  [libjvm.so+0x910de8]  java_start(Thread*)+0x108

VM_Operation (0x00007fa1a3c4f0b0): ParallelGCFailedAllocation, mode: safepoint, requested by thread 0x00007fa19c00c000


---------------  P R O C E S S  ---------------

Java Threads: ( => current thread )
  0x00007fa19c0d8000 JavaThread "Service Thread" daemon [_thread_blocked, id=17540, stack(0x00007fa15b51a000,0x00007fa15b61b000)]
  0x00007fa19c0ca800 JavaThread "C1 CompilerThread3" daemon [_thread_blocked, id=17539, stack(0x00007fa15b61b000,0x00007fa15b71c000)]
  0x00007fa19c0c8800 JavaThread "C2 CompilerThread2" daemon [_thread_in_native, id=17538, stack(0x00007fa15b71c000,0x00007fa15b81d000)]
  0x00007fa19c0c6800 JavaThread "C2 CompilerThread1" daemon [_thread_in_native, id=17537, stack(0x00007fa15b81d000,0x00007fa15b91e000)]
  0x00007fa19c0c3800 JavaThread "C2 CompilerThread0" daemon [_thread_blocked, id=17536, stack(0x00007fa17001b000,0x00007fa17011c000)]
  0x00007fa19c0c2800 JavaThread "Signal Dispatcher" daemon [_thread_blocked, id=17535, stack(0x00007fa17011c000,0x00007fa17021d000)]
  0x00007fa19c08a000 JavaThread "Finalizer" daemon [_thread_blocked, id=17534, stack(0x00007fa17021d000,0x00007fa17031e000)]
  0x00007fa19c087800 JavaThread "Reference Handler" daemon [_thread_blocked, id=17533, stack(0x00007fa17031e000,0x00007fa17041f000)]
  0x00007fa19c00c000 JavaThread "main" [_thread_blocked, id=17523, stack(0x00007fa1a3b50000,0x00007fa1a3c51000)]

Other Threads:
=>0x00007fa19c082800 VMThread [stack: 0x00007fa17041f000,0x00007fa170520000] [id=17532]
  0x00007fa19c0da800 WatcherThread [stack: 0x00007fa15b419000,0x00007fa15b51a000] [id=17541]

VM state:at safepoint (normal execution)

VM Mutex/Monitor currently owned by a thread:  ([mutex/lock_event])
[0x00007fa19c0084e0] Threads_lock - owner thread: 0x00007fa19c082800
[0x00007fa19c0089e0] Heap_lock - owner thread: 0x00007fa19c00c000

Heap:
 PSYoungGen      total 101888K, used 3581K [0x00000000eab00000, 0x00000000f1200000, 0x0000000100000000)
  eden space 98304K, 0% used [0x00000000eab00000,0x00000000eab00000,0x00000000f0b00000)
  from space 3584K, 99% used [0x00000000f0b00000,0x00000000f0e7f5e8,0x00000000f0e80000)
  to   space 3584K, 0% used [0x00000000f0e80000,0x00000000f0e80000,0x00000000f1200000)
 ParOldGen       total 64512K, used 30888K [0x00000000c0000000, 0x00000000c3f00000, 0x00000000eab00000)
  object space 64512K, 47% used [0x00000000c0000000,0x00000000c1e2a2b8,0x00000000c3f00000)
 Metaspace       used 7382K, capacity 7934K, committed 8192K, reserved 1056768K
  class space    used 710K, capacity 753K, committed 768K, reserved 1048576K

Card table byte_map: [0x00007fa1a072d000,0x00007fa1a092e000] byte_map_base: 0x00007fa1a012d000

Marking Bits: (ParMarkBitMap*) 0x00007fa1a302b760
 Begin Bits: [0x00007fa172000000, 0x00007fa173000000)
 End Bits:   [0x00007fa173000000, 0x00007fa174000000)

Polling page: 0x00007fa1a3c71000

CodeCache: size=245760Kb used=8564Kb max_used=8572Kb free=237195Kb
 bounds [0x00007fa18d000000, 0x00007fa18d870000, 0x00007fa19c000000]
 total_blobs=2729 nmethods=2434 adapters=209
 compilation: enabled

Compilation events (10 events):
Event: 2.294 Thread 0x00007fa19c0c3800 nmethod 2448 0x00007fa18d868b50 code [0x00007fa18d868d40, 0x00007fa18d869d30]
Event: 2.294 Thread 0x00007fa19c0c3800 2450       4       com.android.dx.merge.DexMerger::transformClassDef (160 bytes)
Event: 2.299 Thread 0x00007fa19c0ca800 2452       3       com.android.dex.Dex::appendSection (80 bytes)
Event: 2.300 Thread 0x00007fa19c0ca800 nmethod 2452 0x00007fa18d867e50 code [0x00007fa18d868020, 0x00007fa18d868808]
Event: 2.315 Thread 0x00007fa19c0ca800 2458       3       java.lang.Long::numberOfTrailingZeros (116 bytes)
Event: 2.316 Thread 0x00007fa19c0ca800 nmethod 2458 0x00007fa18d852cd0 code [0x00007fa18d852e40, 0x00007fa18d853150]
Event: 2.316 Thread 0x00007fa19c0ca800 2460       3       com.android.dex.EncodedValueCodec::readSignedLong (48 bytes)
Event: 2.316 Thread 0x00007fa19c0ca800 nmethod 2460 0x00007fa18d867890 code [0x00007fa18d867a00, 0x00007fa18d867d08]
Event: 2.316 Thread 0x00007fa19c0ca800 2459       3       com.android.dex.EncodedValueReader::readLong (23 bytes)
Event: 2.317 Thread 0x00007fa19c0ca800 nmethod 2459 0x00007fa18d840410 code [0x00007fa18d840580, 0x00007fa18d840758]

GC Heap History (9 events):
Event: 0.745 GC heap before
{Heap before GC invocations=1 (full 0):
 PSYoungGen      total 28160K, used 24576K [0x00000000eab00000, 0x00000000eca00000, 0x0000000100000000)
  eden space 24576K, 100% used [0x00000000eab00000,0x00000000ec300000,0x00000000ec300000)
  from space 3584K, 0% used [0x00000000ec680000,0x00000000ec680000,0x00000000eca00000)
  to   space 3584K, 0% used [0x00000000ec300000,0x00000000ec300000,0x00000000ec680000)
 ParOldGen       total 64512K, used 0K [0x00000000c0000000, 0x00000000c3f00000, 0x00000000eab00000)
  object space 64512K, 0% used [0x00000000c0000000,0x00000000c0000000,0x00000000c3f00000)
 Metaspace       used 5451K, capacity 6768K, committed 7040K, reserved 1056768K
  class space    used 541K, capacity 616K, committed 640K, reserved 1048576K
Event: 0.773 GC heap after
Heap after GC invocations=1 (full 0):
 PSYoungGen      total 28160K, used 3569K [0x00000000eab00000, 0x00000000ee200000, 0x0000000100000000)
  eden space 24576K, 0% used [0x00000000eab00000,0x00000000eab00000,0x00000000ec300000)
  from space 3584K, 99% used [0x00000000ec300000,0x00000000ec67c640,0x00000000ec680000)
  to   space 3584K, 0% used [0x00000000ede80000,0x00000000ede80000,0x00000000ee200000)
 ParOldGen       total 64512K, used 3064K [0x00000000c0000000, 0x00000000c3f00000, 0x00000000eab00000)
  object space 64512K, 4% used [0x00000000c0000000,0x00000000c02fe268,0x00000000c3f00000)
 Metaspace       used 5451K, capacity 6768K, committed 7040K, reserved 1056768K
  class space    used 541K, capacity 616K, committed 640K, reserved 1048576K
}
Event: 0.970 GC heap before
{Heap before GC invocations=2 (full 0):
 PSYoungGen      total 28160K, used 27563K [0x00000000eab00000, 0x00000000ee200000, 0x0000000100000000)
  eden space 24576K, 97% used [0x00000000eab00000,0x00000000ec26e958,0x00000000ec300000)
  from space 3584K, 99% used [0x00000000ec300000,0x00000000ec67c640,0x00000000ec680000)
  to   space 3584K, 0% used [0x00000000ede80000,0x00000000ede80000,0x00000000ee200000)
 ParOldGen       total 64512K, used 3064K [0x00000000c0000000, 0x00000000c3f00000, 0x00000000eab00000)
  object space 64512K, 4% used [0x00000000c0000000,0x00000000c02fe268,0x00000000c3f00000)
 Metaspace       used 5585K, capacity 6896K, committed 7040K, reserved 1056768K
  class space    used 546K, capacity 616K, committed 640K, reserved 1048576K
Event: 0.999 GC heap after
Heap after GC invocations=2 (full 0):
 PSYoungGen      total 52736K, used 3569K [0x00000000eab00000, 0x00000000ee200000, 0x0000000100000000)
  eden space 49152K, 0% used [0x00000000eab00000,0x00000000eab00000,0x00000000edb00000)
  from space 3584K, 99% used [0x00000000ede80000,0x00000000ee1fc6e8,0x00000000ee200000)
  to   space 3584K, 0% used [0x00000000edb00000,0x00000000edb00000,0x00000000ede80000)
 ParOldGen       total 64512K, used 9232K [0x00000000c0000000, 0x00000000c3f00000, 0x00000000eab00000)
  object space 64512K, 14% used [0x00000000c0000000,0x00000000c0904078,0x00000000c3f00000)
 Metaspace       used 5585K, capacity 6896K, committed 7040K, reserved 1056768K
  class space    used 546K, capacity 616K, committed 640K, reserved 1048576K
}
Event: 1.661 GC heap before
{Heap before GC invocations=3 (full 0):
 PSYoungGen      total 52736K, used 52721K [0x00000000eab00000, 0x00000000ee200000, 0x0000000100000000)
  eden space 49152K, 100% used [0x00000000eab00000,0x00000000edb00000,0x00000000edb00000)
  from space 3584K, 99% used [0x00000000ede80000,0x00000000ee1fc6e8,0x00000000ee200000)
  to   space 3584K, 0% used [0x00000000edb00000,0x00000000edb00000,0x00000000ede80000)
 ParOldGen       total 64512K, used 9232K [0x00000000c0000000, 0x00000000c3f00000, 0x00000000eab00000)
  object space 64512K, 14% used [0x00000000c0000000,0x00000000c0904078,0x00000000c3f00000)
 Metaspace       used 7262K, capacity 7928K, committed 8192K, reserved 1056768K
  class space    used 701K, capacity 752K, committed 768K, reserved 1048576K
Event: 1.697 GC heap after
Heap after GC invocations=3 (full 0):
 PSYoungGen      total 52736K, used 3575K [0x00000000eab00000, 0x00000000f1200000, 0x0000000100000000)
  eden space 49152K, 0% used [0x00000000eab00000,0x00000000eab00000,0x00000000edb00000)
  from space 3584K, 99% used [0x00000000edb00000,0x00000000ede7ddd0,0x00000000ede80000)
  to   space 3584K, 0% used [0x00000000f0e80000,0x00000000f0e80000,0x00000000f1200000)
 ParOldGen       total 64512K, used 15222K [0x00000000c0000000, 0x00000000c3f00000, 0x00000000eab00000)
  object space 64512K, 23% used [0x00000000c0000000,0x00000000c0edd958,0x00000000c3f00000)
 Metaspace       used 7262K, capacity 7928K, committed 8192K, reserved 1056768K
  class space    used 701K, capacity 752K, committed 768K, reserved 1048576K
}
Event: 1.906 GC heap before
{Heap before GC invocations=4 (full 0):
 PSYoungGen      total 52736K, used 52727K [0x00000000eab00000, 0x00000000f1200000, 0x0000000100000000)
  eden space 49152K, 100% used [0x00000000eab00000,0x00000000edb00000,0x00000000edb00000)
  from space 3584K, 99% used [0x00000000edb00000,0x00000000ede7ddd0,0x00000000ede80000)
  to   space 3584K, 0% used [0x00000000f0e80000,0x00000000f0e80000,0x00000000f1200000)
 ParOldGen       total 64512K, used 15222K [0x00000000c0000000, 0x00000000c3f00000, 0x00000000eab00000)
  object space 64512K, 23% used [0x00000000c0000000,0x00000000c0edd958,0x00000000c3f00000)
 Metaspace       used 7293K, capacity 7928K, committed 8192K, reserved 1056768K
  class space    used 701K, capacity 752K, committed 768K, reserved 1048576K
Event: 1.943 GC heap after
Heap after GC invocations=4 (full 0):
 PSYoungGen      total 101888K, used 3575K [0x00000000eab00000, 0x00000000f1200000, 0x0000000100000000)
  eden space 98304K, 0% used [0x00000000eab00000,0x00000000eab00000,0x00000000f0b00000)
  from space 3584K, 99% used [0x00000000f0e80000,0x00000000f11fddf8,0x00000000f1200000)
  to   space 3584K, 0% used [0x00000000f0b00000,0x00000000f0b00000,0x00000000f0e80000)
 ParOldGen       total 64512K, used 21479K [0x00000000c0000000, 0x00000000c3f00000, 0x00000000eab00000)
  object space 64512K, 33% used [0x00000000c0000000,0x00000000c14f9d08,0x00000000c3f00000)
 Metaspace       used 7293K, capacity 7928K, committed 8192K, reserved 1056768K
  class space    used 701K, capacity 752K, committed 768K, reserved 1048576K
}
Event: 2.321 GC heap before
{Heap before GC invocations=5 (full 0):
 PSYoungGen      total 101888K, used 101879K [0x00000000eab00000, 0x00000000f1200000, 0x0000000100000000)
  eden space 98304K, 100% used [0x00000000eab00000,0x00000000f0b00000,0x00000000f0b00000)
  from space 3584K, 99% used [0x00000000f0e80000,0x00000000f11fddf8,0x00000000f1200000)
  to   space 3584K, 0% used [0x00000000f0b00000,0x00000000f0b00000,0x00000000f0e80000)
 ParOldGen       total 64512K, used 21479K [0x00000000c0000000, 0x00000000c3f00000, 0x00000000eab00000)
  object space 64512K, 33% used [0x00000000c0000000,0x00000000c14f9d08,0x00000000c3f00000)
 Metaspace       used 7382K, capacity 7934K, committed 8192K, reserved 1056768K
  class space    used 710K, capacity 753K, committed 768K, reserved 1048576K

Deoptimization events (10 events):
Event: 1.301 Thread 0x00007fa19c00c000 Uncommon trap: reason=unstable_if action=reinterpret pc=0x00007fa18d63494c method=java.util.HashMap.putVal(ILjava/lang/Object;Ljava/lang/Object;ZZ)Ljava/lang/Object; @ 162
Event: 1.392 Thread 0x00007fa19c00c000 Uncommon trap: reason=predicate action=maybe_recompile pc=0x00007fa18d6dbb38 method=com.android.dex.Leb128.readUnsignedLeb128(Lcom/android/dex/util/ByteInput;)I @ 41
Event: 1.453 Thread 0x00007fa19c00c000 Uncommon trap: reason=unstable_if action=reinterpret pc=0x00007fa18d575f8c method=java.util.HashMap.getNode(ILjava/lang/Object;)Ljava/util/HashMap$Node; @ 84
Event: 1.453 Thread 0x00007fa19c00c000 Uncommon trap: reason=unstable_if action=reinterpret pc=0x00007fa18d5cd8c0 method=java.util.HashMap.getNode(ILjava/lang/Object;)Ljava/util/HashMap$Node; @ 84
Event: 1.472 Thread 0x00007fa19c00c000 Uncommon trap: reason=unstable_if action=reinterpret pc=0x00007fa18d700760 method=com.android.dex.FieldId.compareTo(Lcom/android/dex/FieldId;)I @ 8
Event: 1.473 Thread 0x00007fa19c00c000 Uncommon trap: reason=unstable_if action=reinterpret pc=0x00007fa18d6fec14 method=com.android.dex.FieldId.compareTo(Lcom/android/dex/FieldId;)I @ 8
Event: 1.728 Thread 0x00007fa19c00c000 Uncommon trap: reason=unstable_if action=reinterpret pc=0x00007fa18d7a7510 method=com.android.dex.EncodedValueCodec.readUnsignedInt(Lcom/android/dex/util/ByteInput;IZ)I @ 3
Event: 2.136 Thread 0x00007fa19c00c000 Uncommon trap: reason=unstable_if action=reinterpret pc=0x00007fa18d7da2b4 method=java.util.HashMap$TreeNode.balanceInsertion(Ljava/util/HashMap$TreeNode;Ljava/util/HashMap$TreeNode;)Ljava/util/HashMap$TreeNode; @ 47
Event: 2.220 Thread 0x00007fa19c00c000 Uncommon trap: reason=unstable_if action=reinterpret pc=0x00007fa18d3e399c method=java.lang.Long.numberOfTrailingZeros(J)I @ 3
Event: 2.315 Thread 0x00007fa19c00c000 Uncommon trap: reason=unstable_if action=reinterpret pc=0x00007fa18d85ec28 method=com.android.dx.merge.DexMerger.transformAnnotationDirectory(Lcom/android/dex/Dex$Section;Lcom/android/dx/merge/IndexMap;)V @ 199

Internal exceptions (3 events):
Event: 0.117 Thread 0x00007fa19c00c000 Exception <a 'java/lang/NoSuchMethodError': Method sun.misc.Unsafe.defineClass(Ljava/lang/String;[BII)Ljava/lang/Class; name or signature does not match> (0x00000000eab12a38) thrown at [/RE-WORK/workspace/8-2-build-linux-amd64/jdk8u45/3457/hotspot/src/sha
Event: 0.117 Thread 0x00007fa19c00c000 Exception <a 'java/lang/NoSuchMethodError': Method sun.misc.Unsafe.prefetchRead(Ljava/lang/Object;J)V name or signature does not match> (0x00000000eab12cc8) thrown at [/RE-WORK/workspace/8-2-build-linux-amd64/jdk8u45/3457/hotspot/src/share/vm/prims/jni.cp
Event: 0.805 Thread 0x00007fa19c00c000 Implicit null exception at 0x00007fa18d3cf862 to 0x00007fa18d3cf965

Events (10 events):
Event: 2.136 Thread 0x00007fa19c00c000 Uncommon trap: trap_request=0xffffff65 fr.pc=0x00007fa18d7da2b4
Event: 2.136 Thread 0x00007fa19c00c000 DEOPT PACKING pc=0x00007fa18d7da2b4 sp=0x00007fa1a3c4f310
Event: 2.136 Thread 0x00007fa19c00c000 DEOPT UNPACKING pc=0x00007fa18d005229 sp=0x00007fa1a3c4f108 mode 2
Event: 2.220 Thread 0x00007fa19c00c000 Uncommon trap: trap_request=0xffffff65 fr.pc=0x00007fa18d3e399c
Event: 2.220 Thread 0x00007fa19c00c000 DEOPT PACKING pc=0x00007fa18d3e399c sp=0x00007fa1a3c4f180
Event: 2.220 Thread 0x00007fa19c00c000 DEOPT UNPACKING pc=0x00007fa18d005229 sp=0x00007fa1a3c4f130 mode 2
Event: 2.315 Thread 0x00007fa19c00c000 Uncommon trap: trap_request=0xffffff65 fr.pc=0x00007fa18d85ec28
Event: 2.315 Thread 0x00007fa19c00c000 DEOPT PACKING pc=0x00007fa18d85ec28 sp=0x00007fa1a3c4f4c0
Event: 2.315 Thread 0x00007fa19c00c000 DEOPT UNPACKING pc=0x00007fa18d005229 sp=0x00007fa1a3c4f498 mode 2
Event: 2.321 Executing VM operation: ParallelGCFailedAllocation


Dynamic libraries:
00400000-00401000 r-xp 00000000 08:06 1865328                            /usr/lib/jvm/java-8-oracle/bin/java
00600000-00601000 rw-p 00000000 08:06 1865328                            /usr/lib/jvm/java-8-oracle/bin/java
0199f000-019c0000 rw-p 00000000 00:00 0                                  [heap]
c0000000-c3f00000 rw-p 00000000 00:00 0 
c3f00000-eab00000 ---p 00000000 00:00 0 
eab00000-f1200000 rw-p 00000000 00:00 0 
f8600000-100000000 ---p 00000000 00:00 0 
100000000-1000c0000 rw-p 00000000 00:00 0 
1000c0000-140000000 ---p 00000000 00:00 0 
7fa13c000000-7fa13c021000 rw-p 00000000 00:00 0 
7fa13c021000-7fa140000000 ---p 00000000 00:00 0 
7fa140000000-7fa140021000 rw-p 00000000 00:00 0 
7fa140021000-7fa144000000 ---p 00000000 00:00 0 
7fa144000000-7fa144f4e000 rw-p 00000000 00:00 0 
7fa144f4e000-7fa148000000 ---p 00000000 00:00 0 
7fa148000000-7fa1487d5000 rw-p 00000000 00:00 0 
7fa1487d5000-7fa14c000000 ---p 00000000 00:00 0 
7fa14c000000-7fa14cc94000 rw-p 00000000 00:00 0 
7fa14cc94000-7fa150000000 ---p 00000000 00:00 0 
7fa150000000-7fa15134e000 rw-p 00000000 00:00 0 
7fa15134e000-7fa154000000 ---p 00000000 00:00 0 
7fa154000000-7fa154021000 rw-p 00000000 00:00 0 
7fa154021000-7fa158000000 ---p 00000000 00:00 0 
7fa15b1ec000-7fa15b419000 rw-p 00000000 00:00 0 
7fa15b419000-7fa15b41a000 ---p 00000000 00:00 0 
7fa15b41a000-7fa15b51a000 rw-p 00000000 00:00 0                          [stack:17541]
7fa15b51a000-7fa15b51d000 ---p 00000000 00:00 0 
7fa15b51d000-7fa15b61b000 rw-p 00000000 00:00 0                          [stack:17540]
7fa15b61b000-7fa15b61e000 ---p 00000000 00:00 0 
7fa15b61e000-7fa15b71c000 rw-p 00000000 00:00 0                          [stack:17539]
7fa15b71c000-7fa15b71f000 ---p 00000000 00:00 0 
7fa15b71f000-7fa15b81d000 rw-p 00000000 00:00 0                          [stack:17538]
7fa15b81d000-7fa15b820000 ---p 00000000 00:00 0 
7fa15b820000-7fa15b91e000 rw-p 00000000 00:00 0                          [stack:17537]
7fa15b91e000-7fa15c000000 r--p 00000000 08:06 1840638                    /usr/lib/locale/locale-archive
7fa15c000000-7fa15c021000 rw-p 00000000 00:00 0 
7fa15c021000-7fa160000000 ---p 00000000 00:00 0 
7fa160000000-7fa160021000 rw-p 00000000 00:00 0 
7fa160021000-7fa164000000 ---p 00000000 00:00 0 
7fa164000000-7fa164021000 rw-p 00000000 00:00 0 
7fa164021000-7fa168000000 ---p 00000000 00:00 0 
7fa168000000-7fa168292000 rw-p 00000000 00:00 0 
7fa168292000-7fa16c000000 ---p 00000000 00:00 0 
7fa16c000000-7fa16c021000 rw-p 00000000 00:00 0 
7fa16c021000-7fa170000000 ---p 00000000 00:00 0 
7fa17001b000-7fa17001e000 ---p 00000000 00:00 0 
7fa17001e000-7fa17011c000 rw-p 00000000 00:00 0                          [stack:17536]
7fa17011c000-7fa17011f000 ---p 00000000 00:00 0 
7fa17011f000-7fa17021d000 rw-p 00000000 00:00 0                          [stack:17535]
7fa17021d000-7fa170220000 ---p 00000000 00:00 0 
7fa170220000-7fa17031e000 rw-p 00000000 00:00 0                          [stack:17534]
7fa17031e000-7fa170321000 ---p 00000000 00:00 0 
7fa170321000-7fa17041f000 rw-p 00000000 00:00 0                          [stack:17533]
7fa17041f000-7fa170420000 ---p 00000000 00:00 0 
7fa170420000-7fa174000000 rw-p 00000000 00:00 0                          [stack:17532]
7fa174000000-7fa174021000 rw-p 00000000 00:00 0 
7fa174021000-7fa178000000 ---p 00000000 00:00 0 
7fa178000000-7fa178021000 rw-p 00000000 00:00 0 
7fa178021000-7fa17c000000 ---p 00000000 00:00 0 
7fa17c000000-7fa17c021000 rw-p 00000000 00:00 0 
7fa17c021000-7fa180000000 ---p 00000000 00:00 0 
7fa180000000-7fa180021000 rw-p 00000000 00:00 0 
7fa180021000-7fa184000000 ---p 00000000 00:00 0 
7fa184000000-7fa184021000 rw-p 00000000 00:00 0 
7fa184021000-7fa188000000 ---p 00000000 00:00 0 
7fa188000000-7fa188021000 rw-p 00000000 00:00 0 
7fa188021000-7fa18c000000 ---p 00000000 00:00 0 
7fa18c002000-7fa18c124000 rw-p 00000000 00:00 0 
7fa18c124000-7fa18c2fd000 r--s 03d09000 08:06 1864963                    /usr/lib/jvm/java-8-oracle/jre/lib/rt.jar
7fa18c2fd000-7fa18ca3d000 rw-p 00000000 00:00 0 
7fa18ca3d000-7fa18cafd000 ---p 00000000 00:00 0 
7fa18cafd000-7fa18ccfd000 rw-p 00000000 00:00 0 
7fa18ccfd000-7fa18ccfe000 ---p 00000000 00:00 0 
7fa18ccfe000-7fa18cdfe000 rw-p 00000000 00:00 0                          [stack:17531]
7fa18cdfe000-7fa18cdff000 ---p 00000000 00:00 0 
7fa18cdff000-7fa18ceff000 rw-p 00000000 00:00 0                          [stack:17530]
7fa18ceff000-7fa18cf00000 ---p 00000000 00:00 0 
7fa18cf00000-7fa18d000000 rw-p 00000000 00:00 0                          [stack:17529]
7fa18d000000-7fa18d870000 rwxp 00000000 00:00 0 
7fa18d870000-7fa19c000000 ---p 00000000 00:00 0 
7fa19c000000-7fa19c3d2000 rw-p 00000000 00:00 0 
7fa19c3d2000-7fa1a0000000 ---p 00000000 00:00 0 
7fa1a0008000-7fa1a000d000 r--s 00094000 08:06 1864961                    /usr/lib/jvm/java-8-oracle/jre/lib/jsse.jar
7fa1a000d000-7fa1a00d2000 rw-p 00000000 00:00 0 
7fa1a00d2000-7fa1a00d3000 ---p 00000000 00:00 0 
7fa1a00d3000-7fa1a01d3000 rw-p 00000000 00:00 0                          [stack:17528]
7fa1a01d3000-7fa1a01d4000 ---p 00000000 00:00 0 
7fa1a01d4000-7fa1a02d4000 rw-p 00000000 00:00 0                          [stack:17527]
7fa1a02d4000-7fa1a02d5000 ---p 00000000 00:00 0 
7fa1a02d5000-7fa1a03d5000 rw-p 00000000 00:00 0                          [stack:17526]
7fa1a03d5000-7fa1a03d6000 ---p 00000000 00:00 0 
7fa1a03d6000-7fa1a04d6000 rw-p 00000000 00:00 0                          [stack:17525]
7fa1a04d6000-7fa1a04d7000 ---p 00000000 00:00 0 
7fa1a04d7000-7fa1a05f7000 rw-p 00000000 00:00 0                          [stack:17524]
7fa1a05f7000-7fa1a072d000 ---p 00000000 00:00 0 
7fa1a072d000-7fa1a074d000 rw-p 00000000 00:00 0 
7fa1a074d000-7fa1a0882000 ---p 00000000 00:00 0 
7fa1a0882000-7fa1a08b6000 rw-p 00000000 00:00 0 
7fa1a08b6000-7fa1a092d000 ---p 00000000 00:00 0 
7fa1a092d000-7fa1a0950000 rw-p 00000000 00:00 0 
7fa1a0950000-7fa1a0cee000 ---p 00000000 00:00 0 
7fa1a0cee000-7fa1a0d08000 r-xp 00000000 08:06 1865178                    /usr/lib/jvm/java-8-oracle/jre/lib/amd64/libzip.so
7fa1a0d08000-7fa1a0f08000 ---p 0001a000 08:06 1865178                    /usr/lib/jvm/java-8-oracle/jre/lib/amd64/libzip.so
7fa1a0f08000-7fa1a0f09000 rw-p 0001a000 08:06 1865178                    /usr/lib/jvm/java-8-oracle/jre/lib/amd64/libzip.so
7fa1a0f09000-7fa1a0f14000 r-xp 00000000 08:06 1570247                    /lib/x86_64-linux-gnu/libnss_files-2.19.so
7fa1a0f14000-7fa1a1113000 ---p 0000b000 08:06 1570247                    /lib/x86_64-linux-gnu/libnss_files-2.19.so
7fa1a1113000-7fa1a1114000 r--p 0000a000 08:06 1570247                    /lib/x86_64-linux-gnu/libnss_files-2.19.so
7fa1a1114000-7fa1a1115000 rw-p 0000b000 08:06 1570247                    /lib/x86_64-linux-gnu/libnss_files-2.19.so
7fa1a1115000-7fa1a1120000 r-xp 00000000 08:06 1570249                    /lib/x86_64-linux-gnu/libnss_nis-2.19.so
7fa1a1120000-7fa1a131f000 ---p 0000b000 08:06 1570249                    /lib/x86_64-linux-gnu/libnss_nis-2.19.so
7fa1a131f000-7fa1a1320000 r--p 0000a000 08:06 1570249                    /lib/x86_64-linux-gnu/libnss_nis-2.19.so
7fa1a1320000-7fa1a1321000 rw-p 0000b000 08:06 1570249                    /lib/x86_64-linux-gnu/libnss_nis-2.19.so
7fa1a1321000-7fa1a1338000 r-xp 00000000 08:06 1570233                    /lib/x86_64-linux-gnu/libnsl-2.19.so
7fa1a1338000-7fa1a1537000 ---p 00017000 08:06 1570233                    /lib/x86_64-linux-gnu/libnsl-2.19.so
7fa1a1537000-7fa1a1538000 r--p 00016000 08:06 1570233                    /lib/x86_64-linux-gnu/libnsl-2.19.so
7fa1a1538000-7fa1a1539000 rw-p 00017000 08:06 1570233                    /lib/x86_64-linux-gnu/libnsl-2.19.so
7fa1a1539000-7fa1a153b000 rw-p 00000000 00:00 0 
7fa1a153b000-7fa1a1544000 r-xp 00000000 08:06 1570234                    /lib/x86_64-linux-gnu/libnss_compat-2.19.so
7fa1a1544000-7fa1a1743000 ---p 00009000 08:06 1570234                    /lib/x86_64-linux-gnu/libnss_compat-2.19.so
7fa1a1743000-7fa1a1744000 r--p 00008000 08:06 1570234                    /lib/x86_64-linux-gnu/libnss_compat-2.19.so
7fa1a1744000-7fa1a1745000 rw-p 00009000 08:06 1570234                    /lib/x86_64-linux-gnu/libnss_compat-2.19.so
7fa1a1745000-7fa1a176f000 r-xp 00000000 08:06 1865171                    /usr/lib/jvm/java-8-oracle/jre/lib/amd64/libjava.so
7fa1a176f000-7fa1a196f000 ---p 0002a000 08:06 1865171                    /usr/lib/jvm/java-8-oracle/jre/lib/amd64/libjava.so
7fa1a196f000-7fa1a1971000 rw-p 0002a000 08:06 1865171                    /usr/lib/jvm/java-8-oracle/jre/lib/amd64/libjava.so
7fa1a1971000-7fa1a197e000 r-xp 00000000 08:06 1865211                    /usr/lib/jvm/java-8-oracle/jre/lib/amd64/libverify.so
7fa1a197e000-7fa1a1b7e000 ---p 0000d000 08:06 1865211                    /usr/lib/jvm/java-8-oracle/jre/lib/amd64/libverify.so
7fa1a1b7e000-7fa1a1b80000 rw-p 0000d000 08:06 1865211                    /usr/lib/jvm/java-8-oracle/jre/lib/amd64/libverify.so
7fa1a1b80000-7fa1a1b87000 r-xp 00000000 08:06 1570250                    /lib/x86_64-linux-gnu/librt-2.19.so
7fa1a1b87000-7fa1a1d86000 ---p 00007000 08:06 1570250                    /lib/x86_64-linux-gnu/librt-2.19.so
7fa1a1d86000-7fa1a1d87000 r--p 00006000 08:06 1570250                    /lib/x86_64-linux-gnu/librt-2.19.so
7fa1a1d87000-7fa1a1d88000 rw-p 00007000 08:06 1570250                    /lib/x86_64-linux-gnu/librt-2.19.so
7fa1a1d88000-7fa1a1e8d000 r-xp 00000000 08:06 1570226                    /lib/x86_64-linux-gnu/libm-2.19.so
7fa1a1e8d000-7fa1a208c000 ---p 00105000 08:06 1570226                    /lib/x86_64-linux-gnu/libm-2.19.so
7fa1a208c000-7fa1a208d000 r--p 00104000 08:06 1570226                    /lib/x86_64-linux-gnu/libm-2.19.so
7fa1a208d000-7fa1a208e000 rw-p 00105000 08:06 1570226                    /lib/x86_64-linux-gnu/libm-2.19.so
7fa1a208e000-7fa1a2d3c000 r-xp 00000000 08:06 1865230                    /usr/lib/jvm/java-8-oracle/jre/lib/amd64/server/libjvm.so
7fa1a2d3c000-7fa1a2f3b000 ---p 00cae000 08:06 1865230                    /usr/lib/jvm/java-8-oracle/jre/lib/amd64/server/libjvm.so
7fa1a2f3b000-7fa1a3012000 rw-p 00cad000 08:06 1865230                    /usr/lib/jvm/java-8-oracle/jre/lib/amd64/server/libjvm.so
7fa1a3012000-7fa1a3056000 rw-p 00000000 00:00 0 
7fa1a3056000-7fa1a3210000 r-xp 00000000 08:06 1570248                    /lib/x86_64-linux-gnu/libc-2.19.so
7fa1a3210000-7fa1a340f000 ---p 001ba000 08:06 1570248                    /lib/x86_64-linux-gnu/libc-2.19.so
7fa1a340f000-7fa1a3413000 r--p 001b9000 08:06 1570248                    /lib/x86_64-linux-gnu/libc-2.19.so
7fa1a3413000-7fa1a3415000 rw-p 001bd000 08:06 1570248                    /lib/x86_64-linux-gnu/libc-2.19.so
7fa1a3415000-7fa1a341a000 rw-p 00000000 00:00 0 
7fa1a341a000-7fa1a341d000 r-xp 00000000 08:06 1570236                    /lib/x86_64-linux-gnu/libdl-2.19.so
7fa1a341d000-7fa1a361c000 ---p 00003000 08:06 1570236                    /lib/x86_64-linux-gnu/libdl-2.19.so
7fa1a361c000-7fa1a361d000 r--p 00002000 08:06 1570236                    /lib/x86_64-linux-gnu/libdl-2.19.so
7fa1a361d000-7fa1a361e000 rw-p 00003000 08:06 1570236                    /lib/x86_64-linux-gnu/libdl-2.19.so
7fa1a361e000-7fa1a3633000 r-xp 00000000 08:06 1865548                    /usr/lib/jvm/java-8-oracle/lib/amd64/jli/libjli.so
7fa1a3633000-7fa1a3833000 ---p 00015000 08:06 1865548                    /usr/lib/jvm/java-8-oracle/lib/amd64/jli/libjli.so
7fa1a3833000-7fa1a3834000 rw-p 00015000 08:06 1865548                    /usr/lib/jvm/java-8-oracle/lib/amd64/jli/libjli.so
7fa1a3834000-7fa1a384d000 r-xp 00000000 08:06 1570237                    /lib/x86_64-linux-gnu/libpthread-2.19.so
7fa1a384d000-7fa1a3a4c000 ---p 00019000 08:06 1570237                    /lib/x86_64-linux-gnu/libpthread-2.19.so
7fa1a3a4c000-7fa1a3a4d000 r--p 00018000 08:06 1570237                    /lib/x86_64-linux-gnu/libpthread-2.19.so
7fa1a3a4d000-7fa1a3a4e000 rw-p 00019000 08:06 1570237                    /lib/x86_64-linux-gnu/libpthread-2.19.so
7fa1a3a4e000-7fa1a3a52000 rw-p 00000000 00:00 0 
7fa1a3a52000-7fa1a3a75000 r-xp 00000000 08:06 1570243                    /lib/x86_64-linux-gnu/ld-2.19.so
7fa1a3a77000-7fa1a3b50000 rw-p 00000000 00:00 0 
7fa1a3b50000-7fa1a3b53000 ---p 00000000 00:00 0 
7fa1a3b53000-7fa1a3c55000 rw-p 00000000 00:00 0                          [stack:17523]
7fa1a3c58000-7fa1a3c59000 rw-p 00000000 00:00 0 
7fa1a3c59000-7fa1a3c68000 r--s 000dd000 08:06 833407                     /home/edward/Android/Sdk/build-tools/21.1.2/lib/dx.jar
7fa1a3c68000-7fa1a3c70000 rw-s 00000000 08:06 1066054                    /tmp/hsperfdata_edward/17517
7fa1a3c70000-7fa1a3c71000 rw-p 00000000 00:00 0 
7fa1a3c71000-7fa1a3c72000 ---p 00000000 00:00 0 
7fa1a3c72000-7fa1a3c74000 rw-p 00000000 00:00 0 
7fa1a3c74000-7fa1a3c75000 r--p 00022000 08:06 1570243                    /lib/x86_64-linux-gnu/ld-2.19.so
7fa1a3c75000-7fa1a3c76000 rw-p 00023000 08:06 1570243                    /lib/x86_64-linux-gnu/ld-2.19.so
7fa1a3c76000-7fa1a3c77000 rw-p 00000000 00:00 0 
7fff668e2000-7fff66904000 rw-p 00000000 00:00 0                          [stack]
7fff669fc000-7fff669fe000 r-xp 00000000 00:00 0                          [vdso]
7fff669fe000-7fff66a00000 r--p 00000000 00:00 0                          [vvar]
ffffffffff600000-ffffffffff601000 r-xp 00000000 00:00 0                  [vsyscall]

VM Arguments:
jvm_args: -Xmx1024M -Dfile.encoding=UTF-8 -Duser.country=US -Duser.language=en -Duser.variant 
java_command: com.android.dx.command.Main --dex --output /home/edward/AndroidStudioProjects/GUIFinalProject/app/build/intermediates/dex/debug /home/edward/AndroidStudioProjects/GUIFinalProject/app/build/intermediates/classes/debug /home/edward/AndroidStudioProjects/GUIFinalProject/app/build/intermediates/pre-dexed/debug/classes-e7c20d2370c1dbc6eacd943d24d5fa6b9919ecc3.jar /home/edward/AndroidStudioProjects/GUIFinalProject/app/build/intermediates/pre-dexed/debug/support-annotations-22.1.1-a127d755c8f62e476124e68300258eca50f0ab08.jar /home/edward/AndroidStudioProjects/GUIFinalProject/app/build/intermediates/pre-dexed/debug/classes-d4860da2264317adcf603721fd23c3e3580aca77.jar /home/edward/AndroidStudioProjects/GUIFinalProject/app/build/intermediates/pre-dexed/debug/classes-4c08ee3a92fd5287c93c829016d103dbd3399321.jar /home/edward/AndroidStudioProjects/GUIFinalProject/app/build/intermediates/pre-dexed/debug/classes-99c6ea2990c1f158d30a9ba6d9113b9256878c19.jar /home/edward/AndroidStudioProjects/GUIFinalProject/app/build/intermediates/pre-dexed/debug/classes-5eecde33e3b862a001c91f40481897fda012cd65.jar /home/edward/AndroidStudioProjects/GUIFinalProject/app/build/intermediates/pre-dexed/debug/classes-aaafc0d8609cc9a8296d1415f970ac09af8e2f81.jar /home/edward/AndroidStudioProjects/GUIFinalProject/app/build/intermediates/pre-dexed/debug/classes-6189f465b324711557f1de4a1c3b9cfd97913b15.jar /home/edward/AndroidStudioProjects/GUIFinalProject/app/build/intermediates/pre-dexed/debug/classes-caacc30ac06bc853fc42e836e34b7fed4165dc80.jar /home/edward/AndroidStudioProjects/GUIFinalProject/app/build/intermediates/pre-dexed/debug/scribe-1.3.5-56d9efbbc364b14209f8532da73af106284a6ceb.jar /home/edward/AndroidStudioProjects/GUIFinalProject/app/build/intermediates/pre-dexed/debug/volley-3d80368dd76cda47dbe15a6d07e15a7c28e96524.jar /home/edward/AndroidStudioProjects/GUIFinalProject/app/build/intermediates/pre-dexed/debug/classes-474c6f48468d8d55c6d42d147f52fdb04e095ffc.jar /home/edward/And
java_class_path (initial): /home/edward/Android/Sdk/build-tools/21.1.2/lib/dx.jar
Launcher Type: SUN_STANDARD

Environment Variables:
CLASSPATH=/home/edward/Downloads/android-studio/bin/../lib/bootstrap.jar:/home/edward/Downloads/android-studio/bin/../lib/extensions.jar:/home/edward/Downloads/android-studio/bin/../lib/util.jar:/home/edward/Downloads/android-studio/bin/../lib/jdom.jar:/home/edward/Downloads/android-studio/bin/../lib/log4j.jar:/home/edward/Downloads/android-studio/bin/../lib/trove4j.jar:/home/edward/Downloads/android-studio/bin/../lib/jna.jar:/usr/lib/jvm/java-8-oracle/lib/tools.jar
PATH=/usr/local/sbin:/usr/local/bin:/usr/sbin:/usr/bin:/sbin:/bin:/usr/games:/usr/local/games
LD_LIBRARY_PATH=/home/edward/Downloads/android-studio/bin:
SHELL=/usr/bin/fish
DISPLAY=:0

Signal Handlers:
SIGSEGV: [libjvm.so+0xaad1e0], sa_mask[0]=11111111011111111101111111111110, sa_flags=SA_RESTART|SA_SIGINFO
SIGBUS: [libjvm.so+0xaad1e0], sa_mask[0]=11111111011111111101111111111110, sa_flags=SA_RESTART|SA_SIGINFO
SIGFPE: [libjvm.so+0x90b450], sa_mask[0]=11111111011111111101111111111110, sa_flags=SA_RESTART|SA_SIGINFO
SIGPIPE: [libjvm.so+0x90b450], sa_mask[0]=11111111011111111101111111111110, sa_flags=SA_RESTART|SA_SIGINFO
SIGXFSZ: [libjvm.so+0x90b450], sa_mask[0]=11111111011111111101111111111110, sa_flags=SA_RESTART|SA_SIGINFO
SIGILL: [libjvm.so+0x90b450], sa_mask[0]=11111111011111111101111111111110, sa_flags=SA_RESTART|SA_SIGINFO
SIGUSR1: SIG_DFL, sa_mask[0]=00000000000000000000000000000000, sa_flags=none
SIGUSR2: [libjvm.so+0x90ca90], sa_mask[0]=00100000000000000000000000000000, sa_flags=SA_RESTART|SA_SIGINFO
SIGHUP: [libjvm.so+0x90dde0], sa_mask[0]=11111111011111111101111111111110, sa_flags=SA_RESTART|SA_SIGINFO
SIGINT: [libjvm.so+0x90dde0], sa_mask[0]=11111111011111111101111111111110, sa_flags=SA_RESTART|SA_SIGINFO
SIGTERM: [libjvm.so+0x90dde0], sa_mask[0]=11111111011111111101111111111110, sa_flags=SA_RESTART|SA_SIGINFO
SIGQUIT: [libjvm.so+0x90dde0], sa_mask[0]=11111111011111111101111111111110, sa_flags=SA_RESTART|SA_SIGINFO


---------------  S Y S T E M  ---------------

OS:DISTRIB_ID=Ubuntu
DISTRIB_RELEASE=14.10
DISTRIB_CODENAME=utopic
DISTRIB_DESCRIPTION="Ubuntu 14.10"

uname:Linux 3.16.0-23-generic #31-Ubuntu SMP Tue Oct 21 17:56:17 UTC 2014 x86_64
libc:glibc 2.19 NPTL 2.19 
rlimit: STACK 8192k, CORE 0k, NPROC 23708, NOFILE 4096, AS infinity
load average:1.64 1.83 2.15

/proc/meminfo:
MemTotal:        6091736 kB
MemFree:          114860 kB
MemAvailable:      66932 kB
Buffers:             356 kB
Cached:            87188 kB
SwapCached:        10084 kB
Active:          2563128 kB
Inactive:         876032 kB
Active(anon):    2560208 kB
Inactive(anon):   852884 kB
Active(file):       2920 kB
Inactive(file):    23148 kB
Unevictable:         800 kB
Mlocked:             800 kB
SwapTotal:       6269948 kB
SwapFree:              0 kB
Dirty:                88 kB
Writeback:             0 kB
AnonPages:       3347152 kB
Mapped:            73696 kB
Shmem:             58240 kB
Slab:             131748 kB
SReclaimable:      47012 kB
SUnreclaim:        84736 kB
KernelStack:       15472 kB
PageTables:        69056 kB
NFS_Unstable:          0 kB
Bounce:                0 kB
WritebackTmp:          0 kB
CommitLimit:     9315816 kB
Committed_AS:   17037204 kB
VmallocTotal:   34359738367 kB
VmallocUsed:      174716 kB
VmallocChunk:   34359559376 kB
HardwareCorrupted:     0 kB
AnonHugePages:    696320 kB
HugePages_Total:       0
HugePages_Free:        0
HugePages_Rsvd:        0
HugePages_Surp:        0
Hugepagesize:       2048 kB
DirectMap4k:     5484140 kB
DirectMap2M:      788480 kB


CPU:total 8 (4 cores per cpu, 2 threads per core) family 6 model 42 stepping 7, cmov, cx8, fxsr, mmx, sse, sse2, sse3, ssse3, sse4.1, sse4.2, popcnt, avx, aes, clmul, ht, tsc, tscinvbit

/proc/cpuinfo:
processor	: 0
vendor_id	: GenuineIntel
cpu family	: 6
model		: 42
model name	: Intel(R) Core(TM) i7-2670QM CPU @ 2.20GHz
stepping	: 7
microcode	: 0x1a
cpu MHz		: 2800.015
cache size	: 6144 KB
physical id	: 0
siblings	: 8
core id		: 0
cpu cores	: 4
apicid		: 0
initial apicid	: 0
fpu		: yes
fpu_exception	: yes
cpuid level	: 13
wp		: yes
flags		: fpu vme de pse tsc msr pae mce cx8 apic sep mtrr pge mca cmov pat pse36 clflush dts acpi mmx fxsr sse sse2 ss ht tm pbe syscall nx rdtscp lm constant_tsc arch_perfmon pebs bts rep_good nopl xtopology nonstop_tsc aperfmperf eagerfpu pni pclmulqdq dtes64 monitor ds_cpl vmx est tm2 ssse3 cx16 xtpr pdcm pcid sse4_1 sse4_2 x2apic popcnt tsc_deadline_timer aes xsave avx lahf_lm ida arat epb xsaveopt pln pts dtherm tpr_shadow vnmi flexpriority ept vpid
bogomips	: 4390.30
clflush size	: 64
cache_alignment	: 64
address sizes	: 36 bits physical, 48 bits virtual
power management:

processor	: 1
vendor_id	: GenuineIntel
cpu family	: 6
model		: 42
model name	: Intel(R) Core(TM) i7-2670QM CPU @ 2.20GHz
stepping	: 7
microcode	: 0x1a
cpu MHz		: 2800.015
cache size	: 6144 KB
physical id	: 0
siblings	: 8
core id		: 1
cpu cores	: 4
apicid		: 2
initial apicid	: 2
fpu		: yes
fpu_exception	: yes
cpuid level	: 13
wp		: yes
flags		: fpu vme de pse tsc msr pae mce cx8 apic sep mtrr pge mca cmov pat pse36 clflush dts acpi mmx fxsr sse sse2 ss ht tm pbe syscall nx rdtscp lm constant_tsc arch_perfmon pebs bts rep_good nopl xtopology nonstop_tsc aperfmperf eagerfpu pni pclmulqdq dtes64 monitor ds_cpl vmx est tm2 ssse3 cx16 xtpr pdcm pcid sse4_1 sse4_2 x2apic popcnt tsc_deadline_timer aes xsave avx lahf_lm ida arat epb xsaveopt pln pts dtherm tpr_shadow vnmi flexpriority ept vpid
bogomips	: 4390.30
clflush size	: 64
cache_alignment	: 64
address sizes	: 36 bits physical, 48 bits virtual
power management:

processor	: 2
vendor_id	: GenuineIntel
cpu family	: 6
model		: 42
model name	: Intel(R) Core(TM) i7-2670QM CPU @ 2.20GHz
stepping	: 7
microcode	: 0x1a
cpu MHz		: 2799.929
cache size	: 6144 KB
physical id	: 0
siblings	: 8
core id		: 2
cpu cores	: 4
apicid		: 4
initial apicid	: 4
fpu		: yes
fpu_exception	: yes
cpuid level	: 13
wp		: yes
flags		: fpu vme de pse tsc msr pae mce cx8 apic sep mtrr pge mca cmov pat pse36 clflush dts acpi mmx fxsr sse sse2 ss ht tm pbe syscall nx rdtscp lm constant_tsc arch_perfmon pebs bts rep_good nopl xtopology nonstop_tsc aperfmperf eagerfpu pni pclmulqdq dtes64 monitor ds_cpl vmx est tm2 ssse3 cx16 xtpr pdcm pcid sse4_1 sse4_2 x2apic popcnt tsc_deadline_timer aes xsave avx lahf_lm ida arat epb xsaveopt pln pts dtherm tpr_shadow vnmi flexpriority ept vpid
bogomips	: 4390.30
clflush size	: 64
cache_alignment	: 64
address sizes	: 36 bits physical, 48 bits virtual
power management:

processor	: 3
vendor_id	: GenuineIntel
cpu family	: 6
model		: 42
model name	: Intel(R) Core(TM) i7-2670QM CPU @ 2.20GHz
stepping	: 7
microcode	: 0x1a
cpu MHz		: 2800.015
cache size	: 6144 KB
physical id	: 0
siblings	: 8
core id		: 3
cpu cores	: 4
apicid		: 6
initial apicid	: 6
fpu		: yes
fpu_exception	: yes
cpuid level	: 13
wp		: yes
flags		: fpu vme de pse tsc msr pae mce cx8 apic sep mtrr pge mca cmov pat pse36 clflush dts acpi mmx fxsr sse sse2 ss ht tm pbe syscall nx rdtscp lm constant_tsc arch_perfmon pebs bts rep_good nopl xtopology nonstop_tsc aperfmperf eagerfpu pni pclmulqdq dtes64 monitor ds_cpl vmx est tm2 ssse3 cx16 xtpr pdcm pcid sse4_1 sse4_2 x2apic popcnt tsc_deadline_timer aes xsave avx lahf_lm ida arat epb xsaveopt pln pts dtherm tpr_shadow vnmi flexpriority ept vpid
bogomips	: 4390.30
clflush size	: 64
cache_alignment	: 64
address sizes	: 36 bits physical, 48 bits virtual
power management:

processor	: 4
vendor_id	: GenuineIntel
cpu family	: 6
model		: 42
model name	: Intel(R) Core(TM) i7-2670QM CPU @ 2.20GHz
stepping	: 7
microcode	: 0x1a
cpu MHz		: 2802.164
cache size	: 6144 KB
physical id	: 0
siblings	: 8
core id		: 0
cpu cores	: 4
apicid		: 1
initial apicid	: 1
fpu		: yes
fpu_exception	: yes
cpuid level	: 13
wp		: yes
flags		: fpu vme de pse tsc msr pae mce cx8 apic sep mtrr pge mca cmov pat pse36 clflush dts acpi mmx fxsr sse sse2 ss ht tm pbe syscall nx rdtscp lm constant_tsc arch_perfmon pebs bts rep_good nopl xtopology nonstop_tsc aperfmperf eagerfpu pni pclmulqdq dtes64 monitor ds_cpl vmx est tm2 ssse3 cx16 xtpr pdcm pcid sse4_1 sse4_2 x2apic popcnt tsc_deadline_timer aes xsave avx lahf_lm ida arat epb xsaveopt pln pts dtherm tpr_shadow vnmi flexpriority ept vpid
bogomips	: 4390.30
clflush size	: 64
cache_alignment	: 64
address sizes	: 36 bits physical, 48 bits virtual
power management:

processor	: 5
vendor_id	: GenuineIntel
cpu family	: 6
model		: 42
model name	: Intel(R) Core(TM) i7-2670QM CPU @ 2.20GHz
stepping	: 7
microcode	: 0x1a
cpu MHz		: 2800.015
cache size	: 6144 KB
physical id	: 0
siblings	: 8
core id		: 1
cpu cores	: 4
apicid		: 3
initial apicid	: 3
fpu		: yes
fpu_exception	: yes
cpuid level	: 13
wp		: yes
flags		: fpu vme de pse tsc msr pae mce cx8 apic sep mtrr pge mca cmov pat pse36 clflush dts acpi mmx fxsr sse sse2 ss ht tm pbe syscall nx rdtscp lm constant_tsc arch_perfmon pebs bts rep_good nopl xtopology nonstop_tsc aperfmperf eagerfpu pni pclmulqdq dtes64 monitor ds_cpl vmx est tm2 ssse3 cx16 xtpr pdcm pcid sse4_1 sse4_2 x2apic popcnt tsc_deadline_timer aes xsave avx lahf_lm ida arat epb xsaveopt pln pts dtherm tpr_shadow vnmi flexpriority ept vpid
bogomips	: 4390.30
clflush size	: 64
cache_alignment	: 64
address sizes	: 36 bits physical, 48 bits virtual
power management:

processor	: 6
vendor_id	: GenuineIntel
cpu family	: 6
model		: 42
model name	: Intel(R) Core(TM) i7-2670QM CPU @ 2.20GHz
stepping	: 7
microcode	: 0x1a
cpu MHz		: 2800.273
cache size	: 6144 KB
physical id	: 0
siblings	: 8
core id		: 2
cpu cores	: 4
apicid		: 5
initial apicid	: 5
fpu		: yes
fpu_exception	: yes
cpuid level	: 13
wp		: yes
flags		: fpu vme de pse tsc msr pae mce cx8 apic sep mtrr pge mca cmov pat pse36 clflush dts acpi mmx fxsr sse sse2 ss ht tm pbe syscall nx rdtscp lm constant_tsc arch_perfmon pebs bts rep_good nopl xtopology nonstop_tsc aperfmperf eagerfpu pni pclmulqdq dtes64 monitor ds_cpl vmx est tm2 ssse3 cx16 xtpr pdcm pcid sse4_1 sse4_2 x2apic popcnt tsc_deadline_timer aes xsave avx lahf_lm ida arat epb xsaveopt pln pts dtherm tpr_shadow vnmi flexpriority ept vpid
bogomips	: 4390.30
clflush size	: 64
cache_alignment	: 64
address sizes	: 36 bits physical, 48 bits virtual
power management:

processor	: 7
vendor_id	: GenuineIntel
cpu family	: 6
model		: 42
model name	: Intel(R) Core(TM) i7-2670QM CPU @ 2.20GHz
stepping	: 7
microcode	: 0x1a
cpu MHz		: 2800.015
cache size	: 6144 KB
physical id	: 0
siblings	: 8
core id		: 3
cpu cores	: 4
apicid		: 7
initial apicid	: 7
fpu		: yes
fpu_exception	: yes
cpuid level	: 13
wp		: yes
flags		: fpu vme de pse tsc msr pae mce cx8 apic sep mtrr pge mca cmov pat pse36 clflush dts acpi mmx fxsr sse sse2 ss ht tm pbe syscall nx rdtscp lm constant_tsc arch_perfmon pebs bts rep_good nopl xtopology nonstop_tsc aperfmperf eagerfpu pni pclmulqdq dtes64 monitor ds_cpl vmx est tm2 ssse3 cx16 xtpr pdcm pcid sse4_1 sse4_2 x2apic popcnt tsc_deadline_timer aes xsave avx lahf_lm ida arat epb xsaveopt pln pts dtherm tpr_shadow vnmi flexpriority ept vpid
bogomips	: 4390.30
clflush size	: 64
cache_alignment	: 64
address sizes	: 36 bits physical, 48 bits virtual
power management:



Memory: 4k page, physical 6091736k(114860k free), swap 6269948k(0k free)

vm_info: Java HotSpot(TM) 64-Bit Server VM (25.45-b02) for linux-amd64 JRE (1.8.0_45-b14), built on Apr 10 2015 10:07:45 by "java_re" with gcc 4.3.0 20080428 (Red Hat 4.3.0-8)

time: Mon May 11 22:20:28 2015
elapsed time: 2 seconds (0d 0h 0m 2s)

