#
# There is insufficient memory for the Java Runtime Environment to continue.
# Native memory allocation (mmap) failed to map 106954752 bytes for committing reserved memory.
# Possible reasons:
#   The system is out of physical RAM or swap space
#   In 32 bit mode, the process size limit was hit
# Possible solutions:
#   Reduce memory load on the system
#   Increase physical memory or swap space
#   Check if swap backing store is full
#   Use 64 bit Java on a 64 bit OS
#   Decrease Java heap size (-Xmx/-Xms)
#   Decrease number of Java threads
#   Decrease Java thread stack sizes (-Xss)
#   Set larger code cache with -XX:ReservedCodeCacheSize=
# This output file may be truncated or incomplete.
#
#  Out of Memory Error (os_linux.cpp:2673), pid=17313, tid=140167357630208
#
# JRE version: Java(TM) SE Runtime Environment (8.0_45-b14) (build 1.8.0_45-b14)
# Java VM: Java HotSpot(TM) 64-Bit Server VM (25.45-b02 mixed mode linux-amd64 compressed oops)
# Failed to write core dump. Core dumps have been disabled. To enable core dumping, try "ulimit -c unlimited" before starting Java again
#

---------------  T H R E A D  ---------------

Current thread (0x00007f7b74082800):  VMThread [stack: 0x00007f7b417f8000,0x00007f7b418f9000] [id=17327]

Stack: [0x00007f7b417f8000,0x00007f7b418f9000],  sp=0x00007f7b418f7260,  free space=1020k
Native frames: (J=compiled Java code, j=interpreted, Vv=VM code, C=native code)
V  [libjvm.so+0xaac99a]  VMError::report_and_die()+0x2ba
V  [libjvm.so+0x4f333b]  report_vm_out_of_memory(char const*, int, unsigned long, VMErrorType, char const*)+0x8b
V  [libjvm.so+0x90e7c3]  os::Linux::commit_memory_impl(char*, unsigned long, bool)+0x103
V  [libjvm.so+0x90ed19]  os::pd_commit_memory(char*, unsigned long, unsigned long, bool)+0x29
V  [libjvm.so+0x90867a]  os::commit_memory(char*, unsigned long, unsigned long, bool)+0x2a
V  [libjvm.so+0x97bac3]  PSVirtualSpace::expand_by(unsigned long)+0x53
V  [libjvm.so+0x97cec8]  PSYoungGen::resize_generation(unsigned long, unsigned long)+0xf8
V  [libjvm.so+0x97c022]  PSYoungGen::resize(unsigned long, unsigned long)+0x22
V  [libjvm.so+0x9792fb]  PSScavenge::invoke_no_policy()+0xf7b
V  [libjvm.so+0x979a81]  PSScavenge::invoke()+0x41
V  [libjvm.so+0x932050]  ParallelScavengeHeap::failed_mem_allocate(unsigned long)+0x70
V  [libjvm.so+0xaae1d7]  VM_ParallelGCFailedAllocation::doit()+0x97
V  [libjvm.so+0xab59c5]  VM_Operation::evaluate()+0x55
V  [libjvm.so+0xab3d9a]  VMThread::evaluate_operation(VM_Operation*)+0xba
V  [libjvm.so+0xab411e]  VMThread::loop()+0x1ce
V  [libjvm.so+0xab4590]  VMThread::run()+0x70
V  [libjvm.so+0x910de8]  java_start(Thread*)+0x108

VM_Operation (0x00007f7b7d042250): ParallelGCFailedAllocation, mode: safepoint, requested by thread 0x00007f7b7400c000


---------------  P R O C E S S  ---------------

Java Threads: ( => current thread )
  0x00007f7b740d8000 JavaThread "Service Thread" daemon [_thread_blocked, id=17335, stack(0x00007f7b4090e000,0x00007f7b40a0f000)]
  0x00007f7b740ca800 JavaThread "C1 CompilerThread3" daemon [_thread_blocked, id=17334, stack(0x00007f7b40a0f000,0x00007f7b40b10000)]
  0x00007f7b740c8800 JavaThread "C2 CompilerThread2" daemon [_thread_blocked, id=17333, stack(0x00007f7b40b10000,0x00007f7b40c11000)]
  0x00007f7b740c6800 JavaThread "C2 CompilerThread1" daemon [_thread_blocked, id=17332, stack(0x00007f7b40c11000,0x00007f7b40d12000)]
  0x00007f7b740c3800 JavaThread "C2 CompilerThread0" daemon [_thread_blocked, id=17331, stack(0x00007f7b40d12000,0x00007f7b40e13000)]
  0x00007f7b740c2000 JavaThread "Signal Dispatcher" daemon [_thread_blocked, id=17330, stack(0x00007f7b40e13000,0x00007f7b40f14000)]
  0x00007f7b7408a000 JavaThread "Finalizer" daemon [_thread_blocked, id=17329, stack(0x00007f7b415f6000,0x00007f7b416f7000)]
  0x00007f7b74087800 JavaThread "Reference Handler" daemon [_thread_blocked, id=17328, stack(0x00007f7b416f7000,0x00007f7b417f8000)]
  0x00007f7b7400c000 JavaThread "main" [_thread_blocked, id=17318, stack(0x00007f7b7cf43000,0x00007f7b7d044000)]

Other Threads:
=>0x00007f7b74082800 VMThread [stack: 0x00007f7b417f8000,0x00007f7b418f9000] [id=17327]
  0x00007f7b740da800 WatcherThread [stack: 0x00007f7b4080d000,0x00007f7b4090e000] [id=17336]

VM state:at safepoint (normal execution)

VM Mutex/Monitor currently owned by a thread:  ([mutex/lock_event])
[0x00007f7b740084e0] Threads_lock - owner thread: 0x00007f7b74082800
[0x00007f7b740089e0] Heap_lock - owner thread: 0x00007f7b7400c000

Heap:
 PSYoungGen      total 212480K, used 21726K [0x00000000eab00000, 0x00000000f9a00000, 0x0000000100000000)
  eden space 188416K, 0% used [0x00000000eab00000,0x00000000eab00000,0x00000000f6300000)
  from space 24064K, 90% used [0x00000000f6300000,0x00000000f7837960,0x00000000f7a80000)
  to   space 15872K, 0% used [0x00000000f7a80000,0x00000000f7a80000,0x00000000f8a00000)
 ParOldGen       total 74752K, used 72801K [0x00000000c0000000, 0x00000000c4900000, 0x00000000eab00000)
  object space 74752K, 97% used [0x00000000c0000000,0x00000000c4718438,0x00000000c4900000)
 Metaspace       used 7399K, capacity 7934K, committed 8192K, reserved 1056768K
  class space    used 710K, capacity 753K, committed 768K, reserved 1048576K

Card table byte_map: [0x00007f7b79b20000,0x00007f7b79d21000] byte_map_base: 0x00007f7b79520000

Marking Bits: (ParMarkBitMap*) 0x00007f7b7c41e760
 Begin Bits: [0x00007f7b42000000, 0x00007f7b43000000)
 End Bits:   [0x00007f7b43000000, 0x00007f7b44000000)

Polling page: 0x00007f7b7d064000

CodeCache: size=245760Kb used=9217Kb max_used=9236Kb free=236542Kb
 bounds [0x00007f7b65000000, 0x00007f7b65920000, 0x00007f7b74000000]
 total_blobs=2874 nmethods=2579 adapters=209
 compilation: enabled

Compilation events (10 events):
Event: 2.923 Thread 0x00007f7b740c8800 2587       4       java.util.ComparableTimSort::gallopLeft (327 bytes)
Event: 2.924 Thread 0x00007f7b740c6800 2588 %     4       java.util.ComparableTimSort::mergeHi @ 185 (729 bytes)
Event: 2.926 Thread 0x00007f7b740c3800 2589       4       java.util.HashMap$TreeNode::split (218 bytes)
Event: 2.947 Thread 0x00007f7b740c3800 nmethod 2589 0x00007f7b65907e10 code [0x00007f7b65907fe0, 0x00007f7b659088b8]
Event: 2.947 Thread 0x00007f7b740c3800 2591       4       java.util.TimSort::binarySort (223 bytes)
Event: 2.970 Thread 0x00007f7b740c8800 nmethod 2587 0x00007f7b6590c490 code [0x00007f7b6590c760, 0x00007f7b6590e418]
Event: 2.970 Thread 0x00007f7b740c8800 2590       4       java.util.HashMap$TreeNode::untreeify (52 bytes)
Event: 2.972 Thread 0x00007f7b740c8800 nmethod 2590 0x00007f7b658f5b50 code [0x00007f7b658f5ca0, 0x00007f7b658f5e38]
Event: 2.975 Thread 0x00007f7b740c3800 nmethod 2591 0x00007f7b65903e10 code [0x00007f7b65903fc0, 0x00007f7b65904a78]
Event: 2.975 Thread 0x00007f7b740c6800 nmethod 2588% 0x00007f7b65912510 code [0x00007f7b65912760, 0x00007f7b65913df8]

GC Heap History (10 events):
Event: 1.066 GC heap after
Heap after GC invocations=2 (full 0):
 PSYoungGen      total 52736K, used 3569K [0x00000000eab00000, 0x00000000ee200000, 0x0000000100000000)
  eden space 49152K, 0% used [0x00000000eab00000,0x00000000eab00000,0x00000000edb00000)
  from space 3584K, 99% used [0x00000000ede80000,0x00000000ee1fc760,0x00000000ee200000)
  to   space 3584K, 0% used [0x00000000edb00000,0x00000000edb00000,0x00000000ede80000)
 ParOldGen       total 64512K, used 9231K [0x00000000c0000000, 0x00000000c3f00000, 0x00000000eab00000)
  object space 64512K, 14% used [0x00000000c0000000,0x00000000c0903ea0,0x00000000c3f00000)
 Metaspace       used 5595K, capacity 6896K, committed 7040K, reserved 1056768K
  class space    used 546K, capacity 616K, committed 640K, reserved 1048576K
}
Event: 1.701 GC heap before
{Heap before GC invocations=3 (full 0):
 PSYoungGen      total 52736K, used 52721K [0x00000000eab00000, 0x00000000ee200000, 0x0000000100000000)
  eden space 49152K, 100% used [0x00000000eab00000,0x00000000edb00000,0x00000000edb00000)
  from space 3584K, 99% used [0x00000000ede80000,0x00000000ee1fc760,0x00000000ee200000)
  to   space 3584K, 0% used [0x00000000edb00000,0x00000000edb00000,0x00000000ede80000)
 ParOldGen       total 64512K, used 9231K [0x00000000c0000000, 0x00000000c3f00000, 0x00000000eab00000)
  object space 64512K, 14% used [0x00000000c0000000,0x00000000c0903ea0,0x00000000c3f00000)
 Metaspace       used 7269K, capacity 7928K, committed 8192K, reserved 1056768K
  class space    used 701K, capacity 752K, committed 768K, reserved 1048576K
Event: 1.711 GC heap after
Heap after GC invocations=3 (full 0):
 PSYoungGen      total 52736K, used 3572K [0x00000000eab00000, 0x00000000f1200000, 0x0000000100000000)
  eden space 49152K, 0% used [0x00000000eab00000,0x00000000eab00000,0x00000000edb00000)
  from space 3584K, 99% used [0x00000000edb00000,0x00000000ede7d088,0x00000000ede80000)
  to   space 3584K, 0% used [0x00000000f0e80000,0x00000000f0e80000,0x00000000f1200000)
 ParOldGen       total 64512K, used 15388K [0x00000000c0000000, 0x00000000c3f00000, 0x00000000eab00000)
  object space 64512K, 23% used [0x00000000c0000000,0x00000000c0f07268,0x00000000c3f00000)
 Metaspace       used 7269K, capacity 7928K, committed 8192K, reserved 1056768K
  class space    used 701K, capacity 752K, committed 768K, reserved 1048576K
}
Event: 1.868 GC heap before
{Heap before GC invocations=4 (full 0):
 PSYoungGen      total 52736K, used 52724K [0x00000000eab00000, 0x00000000f1200000, 0x0000000100000000)
  eden space 49152K, 100% used [0x00000000eab00000,0x00000000edb00000,0x00000000edb00000)
  from space 3584K, 99% used [0x00000000edb00000,0x00000000ede7d088,0x00000000ede80000)
  to   space 3584K, 0% used [0x00000000f0e80000,0x00000000f0e80000,0x00000000f1200000)
 ParOldGen       total 64512K, used 15388K [0x00000000c0000000, 0x00000000c3f00000, 0x00000000eab00000)
  object space 64512K, 23% used [0x00000000c0000000,0x00000000c0f07268,0x00000000c3f00000)
 Metaspace       used 7300K, capacity 7928K, committed 8192K, reserved 1056768K
  class space    used 701K, capacity 752K, committed 768K, reserved 1048576K
Event: 1.886 GC heap after
Heap after GC invocations=4 (full 0):
 PSYoungGen      total 101888K, used 3566K [0x00000000eab00000, 0x00000000f1200000, 0x0000000100000000)
  eden space 98304K, 0% used [0x00000000eab00000,0x00000000eab00000,0x00000000f0b00000)
  from space 3584K, 99% used [0x00000000f0e80000,0x00000000f11fb928,0x00000000f1200000)
  to   space 3584K, 0% used [0x00000000f0b00000,0x00000000f0b00000,0x00000000f0e80000)
 ParOldGen       total 64512K, used 18822K [0x00000000c0000000, 0x00000000c3f00000, 0x00000000eab00000)
  object space 64512K, 29% used [0x00000000c0000000,0x00000000c1261b80,0x00000000c3f00000)
 Metaspace       used 7300K, capacity 7928K, committed 8192K, reserved 1056768K
  class space    used 701K, capacity 752K, committed 768K, reserved 1048576K
}
Event: 2.217 GC heap before
{Heap before GC invocations=5 (full 0):
 PSYoungGen      total 101888K, used 101870K [0x00000000eab00000, 0x00000000f1200000, 0x0000000100000000)
  eden space 98304K, 100% used [0x00000000eab00000,0x00000000f0b00000,0x00000000f0b00000)
  from space 3584K, 99% used [0x00000000f0e80000,0x00000000f11fb928,0x00000000f1200000)
  to   space 3584K, 0% used [0x00000000f0b00000,0x00000000f0b00000,0x00000000f0e80000)
 ParOldGen       total 64512K, used 18822K [0x00000000c0000000, 0x00000000c3f00000, 0x00000000eab00000)
  object space 64512K, 29% used [0x00000000c0000000,0x00000000c1261b80,0x00000000c3f00000)
 Metaspace       used 7390K, capacity 7934K, committed 8192K, reserved 1056768K
  class space    used 710K, capacity 753K, committed 768K, reserved 1048576K
Event: 2.229 GC heap after
Heap after GC invocations=5 (full 0):
 PSYoungGen      total 101888K, used 3558K [0x00000000eab00000, 0x00000000f8a00000, 0x0000000100000000)
  eden space 98304K, 0% used [0x00000000eab00000,0x00000000eab00000,0x00000000f0b00000)
  from space 3584K, 99% used [0x00000000f0b00000,0x00000000f0e79848,0x00000000f0e80000)
  to   space 15872K, 0% used [0x00000000f7a80000,0x00000000f7a80000,0x00000000f8a00000)
 ParOldGen       total 64512K, used 30760K [0x00000000c0000000, 0x00000000c3f00000, 0x00000000eab00000)
  object space 64512K, 47% used [0x00000000c0000000,0x00000000c1e0a118,0x00000000c3f00000)
 Metaspace       used 7390K, capacity 7934K, committed 8192K, reserved 1056768K
  class space    used 710K, capacity 753K, committed 768K, reserved 1048576K
}
Event: 2.483 GC heap before
{Heap before GC invocations=6 (full 0):
 PSYoungGen      total 101888K, used 101862K [0x00000000eab00000, 0x00000000f8a00000, 0x0000000100000000)
  eden space 98304K, 100% used [0x00000000eab00000,0x00000000f0b00000,0x00000000f0b00000)
  from space 3584K, 99% used [0x00000000f0b00000,0x00000000f0e79848,0x00000000f0e80000)
  to   space 15872K, 0% used [0x00000000f7a80000,0x00000000f7a80000,0x00000000f8a00000)
 ParOldGen       total 64512K, used 30760K [0x00000000c0000000, 0x00000000c3f00000, 0x00000000eab00000)
  object space 64512K, 47% used [0x00000000c0000000,0x00000000c1e0a118,0x00000000c3f00000)
 Metaspace       used 7393K, capacity 7934K, committed 8192K, reserved 1056768K
  class space    used 710K, capacity 753K, committed 768K, reserved 1048576K
Event: 2.524 GC heap after
Heap after GC invocations=6 (full 0):
 PSYoungGen      total 204288K, used 15862K [0x00000000eab00000, 0x00000000f9a00000, 0x0000000100000000)
  eden space 188416K, 0% used [0x00000000eab00000,0x00000000eab00000,0x00000000f6300000)
  from space 15872K, 99% used [0x00000000f7a80000,0x00000000f89fdbd0,0x00000000f8a00000)
  to   space 24064K, 0% used [0x00000000f6300000,0x00000000f6300000,0x00000000f7a80000)
 ParOldGen       total 64512K, used 40711K [0x00000000c0000000, 0x00000000c3f00000, 0x00000000eab00000)
  object space 64512K, 63% used [0x00000000c0000000,0x00000000c27c1ea8,0x00000000c3f00000)
 Metaspace       used 7393K, capacity 7934K, committed 8192K, reserved 1056768K
  class space    used 710K, capacity 753K, committed 768K, reserved 1048576K
}
Event: 2.977 GC heap before
{Heap before GC invocations=7 (full 0):
 PSYoungGen      total 204288K, used 204278K [0x00000000eab00000, 0x00000000f9a00000, 0x0000000100000000)
  eden space 188416K, 100% used [0x00000000eab00000,0x00000000f6300000,0x00000000f6300000)
  from space 15872K, 99% used [0x00000000f7a80000,0x00000000f89fdbd0,0x00000000f8a00000)
  to   space 24064K, 0% used [0x00000000f6300000,0x00000000f6300000,0x00000000f7a80000)
 ParOldGen       total 64512K, used 40711K [0x00000000c0000000, 0x00000000c3f00000, 0x00000000eab00000)
  object space 64512K, 63% used [0x00000000c0000000,0x00000000c27c1ea8,0x00000000c3f00000)
 Metaspace       used 7399K, capacity 7934K, committed 8192K, reserved 1056768K
  class space    used 710K, capacity 753K, committed 768K, reserved 1048576K

Deoptimization events (10 events):
Event: 1.734 Thread 0x00007f7b7400c000 Uncommon trap: reason=unstable_if action=reinterpret pc=0x00007f7b657d12d0 method=com.android.dex.EncodedValueCodec.readUnsignedInt(Lcom/android/dex/util/ByteInput;IZ)I @ 3
Event: 2.134 Thread 0x00007f7b7400c000 Uncommon trap: reason=unstable_if action=reinterpret pc=0x00007f7b6541d8dc method=java.lang.Long.numberOfTrailingZeros(J)I @ 3
Event: 2.760 Thread 0x00007f7b7400c000 Uncommon trap: reason=predicate action=maybe_recompile pc=0x00007f7b658c145c method=java.util.ComparableTimSort.binarySort([Ljava/lang/Object;III)V @ 37
Event: 2.898 Thread 0x00007f7b7400c000 Uncommon trap: reason=array_check action=maybe_recompile pc=0x00007f7b658f8868 method=java.util.ComparableTimSort.binarySort([Ljava/lang/Object;III)V @ 193
Event: 2.931 Thread 0x00007f7b7400c000 Uncommon trap: reason=predicate action=maybe_recompile pc=0x00007f7b659010d8 method=java.util.TimSort.binarySort([Ljava/lang/Object;IIILjava/util/Comparator;)V @ 37
Event: 2.931 Thread 0x00007f7b7400c000 Uncommon trap: reason=array_check action=maybe_recompile pc=0x00007f7b658c721c method=java.util.TimSort.binarySort([Ljava/lang/Object;IIILjava/util/Comparator;)V @ 215
Event: 2.931 Thread 0x00007f7b7400c000 Uncommon trap: reason=array_check action=maybe_recompile pc=0x00007f7b658c721c method=java.util.TimSort.binarySort([Ljava/lang/Object;IIILjava/util/Comparator;)V @ 215
Event: 2.931 Thread 0x00007f7b7400c000 Uncommon trap: reason=array_check action=maybe_recompile pc=0x00007f7b658c7438 method=java.util.TimSort.binarySort([Ljava/lang/Object;IIILjava/util/Comparator;)V @ 183
Event: 2.931 Thread 0x00007f7b7400c000 Uncommon trap: reason=array_check action=maybe_recompile pc=0x00007f7b658c721c method=java.util.TimSort.binarySort([Ljava/lang/Object;IIILjava/util/Comparator;)V @ 215
Event: 2.931 Thread 0x00007f7b7400c000 Uncommon trap: reason=array_check action=maybe_recompile pc=0x00007f7b658caa8c method=java.util.TimSort.binarySort([Ljava/lang/Object;IIILjava/util/Comparator;)V @ 183

Internal exceptions (4 events):
Event: 0.103 Thread 0x00007f7b7400c000 Exception <a 'java/lang/NoSuchMethodError': Method sun.misc.Unsafe.defineClass(Ljava/lang/String;[BII)Ljava/lang/Class; name or signature does not match> (0x00000000eab12a38) thrown at [/RE-WORK/workspace/8-2-build-linux-amd64/jdk8u45/3457/hotspot/src/sha
Event: 0.103 Thread 0x00007f7b7400c000 Exception <a 'java/lang/NoSuchMethodError': Method sun.misc.Unsafe.prefetchRead(Ljava/lang/Object;J)V name or signature does not match> (0x00000000eab12cc8) thrown at [/RE-WORK/workspace/8-2-build-linux-amd64/jdk8u45/3457/hotspot/src/share/vm/prims/jni.cp
Event: 0.726 Thread 0x00007f7b7400c000 Implicit null exception at 0x00007f7b652f915b to 0x00007f7b652f97f5
Event: 0.869 Thread 0x00007f7b7400c000 Implicit null exception at 0x00007f7b653e3822 to 0x00007f7b653e3925

Events (10 events):
Event: 2.931 Thread 0x00007f7b7400c000 Uncommon trap: trap_request=0xffffffd6 fr.pc=0x00007f7b658c7438
Event: 2.931 Thread 0x00007f7b7400c000 DEOPT PACKING pc=0x00007f7b658c7438 sp=0x00007f7b7d042360
Event: 2.931 Thread 0x00007f7b7400c000 DEOPT UNPACKING pc=0x00007f7b65005229 sp=0x00007f7b7d042310 mode 2
Event: 2.931 Thread 0x00007f7b7400c000 Uncommon trap: trap_request=0xffffffd6 fr.pc=0x00007f7b658c721c
Event: 2.931 Thread 0x00007f7b7400c000 DEOPT PACKING pc=0x00007f7b658c721c sp=0x00007f7b7d042360
Event: 2.931 Thread 0x00007f7b7400c000 DEOPT UNPACKING pc=0x00007f7b65005229 sp=0x00007f7b7d042310 mode 2
Event: 2.931 Thread 0x00007f7b7400c000 Uncommon trap: trap_request=0xffffffd6 fr.pc=0x00007f7b658caa8c
Event: 2.931 Thread 0x00007f7b7400c000 DEOPT PACKING pc=0x00007f7b658caa8c sp=0x00007f7b7d042360
Event: 2.931 Thread 0x00007f7b7400c000 DEOPT UNPACKING pc=0x00007f7b65005229 sp=0x00007f7b7d042310 mode 2
Event: 2.977 Executing VM operation: ParallelGCFailedAllocation


Dynamic libraries:
00400000-00401000 r-xp 00000000 08:06 1865328                            /usr/lib/jvm/java-8-oracle/bin/java
00600000-00601000 rw-p 00000000 08:06 1865328                            /usr/lib/jvm/java-8-oracle/bin/java
0225a000-0227b000 rw-p 00000000 00:00 0                                  [heap]
c0000000-c4900000 rw-p 00000000 00:00 0 
c4900000-eab00000 ---p 00000000 00:00 0 
eab00000-f9a00000 rw-p 00000000 00:00 0 
100000000-1000c0000 rw-p 00000000 00:00 0 
1000c0000-140000000 ---p 00000000 00:00 0 
7f7b14000000-7f7b14021000 rw-p 00000000 00:00 0 
7f7b14021000-7f7b18000000 ---p 00000000 00:00 0 
7f7b1c000000-7f7b1c825000 rw-p 00000000 00:00 0 
7f7b1c825000-7f7b20000000 ---p 00000000 00:00 0 
7f7b20000000-7f7b20021000 rw-p 00000000 00:00 0 
7f7b20021000-7f7b24000000 ---p 00000000 00:00 0 
7f7b24000000-7f7b24b6b000 rw-p 00000000 00:00 0 
7f7b24b6b000-7f7b28000000 ---p 00000000 00:00 0 
7f7b28000000-7f7b2883f000 rw-p 00000000 00:00 0 
7f7b2883f000-7f7b2c000000 ---p 00000000 00:00 0 
7f7b2c000000-7f7b2c021000 rw-p 00000000 00:00 0 
7f7b2c021000-7f7b30000000 ---p 00000000 00:00 0 
7f7b30000000-7f7b30f6b000 rw-p 00000000 00:00 0 
7f7b30f6b000-7f7b34000000 ---p 00000000 00:00 0 
7f7b34000000-7f7b34021000 rw-p 00000000 00:00 0 
7f7b34021000-7f7b38000000 ---p 00000000 00:00 0 
7f7b38000000-7f7b38021000 rw-p 00000000 00:00 0 
7f7b38021000-7f7b3c000000 ---p 00000000 00:00 0 
7f7b3c000000-7f7b3c28a000 rw-p 00000000 00:00 0 
7f7b3c28a000-7f7b40000000 ---p 00000000 00:00 0 
7f7b4080d000-7f7b4080e000 ---p 00000000 00:00 0 
7f7b4080e000-7f7b4090e000 rw-p 00000000 00:00 0                          [stack:17336]
7f7b4090e000-7f7b40911000 ---p 00000000 00:00 0 
7f7b40911000-7f7b40a0f000 rw-p 00000000 00:00 0                          [stack:17335]
7f7b40a0f000-7f7b40a12000 ---p 00000000 00:00 0 
7f7b40a12000-7f7b40b10000 rw-p 00000000 00:00 0                          [stack:17334]
7f7b40b10000-7f7b40b13000 ---p 00000000 00:00 0 
7f7b40b13000-7f7b40c11000 rw-p 00000000 00:00 0                          [stack:17333]
7f7b40c11000-7f7b40c14000 ---p 00000000 00:00 0 
7f7b40c14000-7f7b40d12000 rw-p 00000000 00:00 0                          [stack:17332]
7f7b40d12000-7f7b40d15000 ---p 00000000 00:00 0 
7f7b40d15000-7f7b40e13000 rw-p 00000000 00:00 0                          [stack:17331]
7f7b40e13000-7f7b40e16000 ---p 00000000 00:00 0 
7f7b40e16000-7f7b40f14000 rw-p 00000000 00:00 0                          [stack:17330]
7f7b40f14000-7f7b415f6000 r--p 00000000 08:06 1840638                    /usr/lib/locale/locale-archive
7f7b415f6000-7f7b415f9000 ---p 00000000 00:00 0 
7f7b415f9000-7f7b416f7000 rw-p 00000000 00:00 0                          [stack:17329]
7f7b416f7000-7f7b416fa000 ---p 00000000 00:00 0 
7f7b416fa000-7f7b417f8000 rw-p 00000000 00:00 0                          [stack:17328]
7f7b417f8000-7f7b417f9000 ---p 00000000 00:00 0 
7f7b417f9000-7f7b44000000 rw-p 00000000 00:00 0                          [stack:17327]
7f7b44000000-7f7b44021000 rw-p 00000000 00:00 0 
7f7b44021000-7f7b48000000 ---p 00000000 00:00 0 
7f7b48000000-7f7b48021000 rw-p 00000000 00:00 0 
7f7b48021000-7f7b4c000000 ---p 00000000 00:00 0 
7f7b4c000000-7f7b4c021000 rw-p 00000000 00:00 0 
7f7b4c021000-7f7b50000000 ---p 00000000 00:00 0 
7f7b50000000-7f7b50021000 rw-p 00000000 00:00 0 
7f7b50021000-7f7b54000000 ---p 00000000 00:00 0 
7f7b54000000-7f7b54021000 rw-p 00000000 00:00 0 
7f7b54021000-7f7b58000000 ---p 00000000 00:00 0 
7f7b58000000-7f7b58021000 rw-p 00000000 00:00 0 
7f7b58021000-7f7b5c000000 ---p 00000000 00:00 0 
7f7b5c000000-7f7b5c021000 rw-p 00000000 00:00 0 
7f7b5c021000-7f7b60000000 ---p 00000000 00:00 0 
7f7b60000000-7f7b60021000 rw-p 00000000 00:00 0 
7f7b60021000-7f7b64000000 ---p 00000000 00:00 0 
7f7b6400a000-7f7b65000000 rw-p 00000000 00:00 0 
7f7b65000000-7f7b65920000 rwxp 00000000 00:00 0 
7f7b65920000-7f7b74000000 ---p 00000000 00:00 0 
7f7b74000000-7f7b743e6000 rw-p 00000000 00:00 0 
7f7b743e6000-7f7b78000000 ---p 00000000 00:00 0 
7f7b7801a000-7f7b7801f000 r--s 00094000 08:06 1864961                    /usr/lib/jvm/java-8-oracle/jre/lib/jsse.jar
7f7b7801f000-7f7b78573000 rw-p 00000000 00:00 0 
7f7b78573000-7f7b7874c000 r--s 03d09000 08:06 1864963                    /usr/lib/jvm/java-8-oracle/jre/lib/rt.jar
7f7b7874c000-7f7b78f02000 rw-p 00000000 00:00 0 
7f7b78f02000-7f7b78fc2000 ---p 00000000 00:00 0 
7f7b78fc2000-7f7b791c2000 rw-p 00000000 00:00 0 
7f7b791c2000-7f7b791c3000 ---p 00000000 00:00 0 
7f7b791c3000-7f7b792c3000 rw-p 00000000 00:00 0                          [stack:17326]
7f7b792c3000-7f7b792c4000 ---p 00000000 00:00 0 
7f7b792c4000-7f7b793c4000 rw-p 00000000 00:00 0                          [stack:17325]
7f7b793c4000-7f7b793c5000 ---p 00000000 00:00 0 
7f7b793c5000-7f7b794c5000 rw-p 00000000 00:00 0                          [stack:17324]
7f7b794c5000-7f7b794c6000 ---p 00000000 00:00 0 
7f7b794c6000-7f7b795c6000 rw-p 00000000 00:00 0                          [stack:17323]
7f7b795c6000-7f7b795c7000 ---p 00000000 00:00 0 
7f7b795c7000-7f7b796c7000 rw-p 00000000 00:00 0                          [stack:17322]
7f7b796c7000-7f7b796c8000 ---p 00000000 00:00 0 
7f7b796c8000-7f7b797c8000 rw-p 00000000 00:00 0                          [stack:17321]
7f7b797c8000-7f7b797c9000 ---p 00000000 00:00 0 
7f7b797c9000-7f7b798c9000 rw-p 00000000 00:00 0                          [stack:17320]
7f7b798c9000-7f7b798ca000 ---p 00000000 00:00 0 
7f7b798ca000-7f7b799ef000 rw-p 00000000 00:00 0                          [stack:17319]
7f7b799ef000-7f7b79b20000 ---p 00000000 00:00 0 
7f7b79b20000-7f7b79b45000 rw-p 00000000 00:00 0 
7f7b79b45000-7f7b79c75000 ---p 00000000 00:00 0 
7f7b79c75000-7f7b79ced000 rw-p 00000000 00:00 0 
7f7b79ced000-7f7b79d20000 ---p 00000000 00:00 0 
7f7b79d20000-7f7b79d46000 rw-p 00000000 00:00 0 
7f7b79d46000-7f7b7a0e1000 ---p 00000000 00:00 0 
7f7b7a0e1000-7f7b7a0fb000 r-xp 00000000 08:06 1865178                    /usr/lib/jvm/java-8-oracle/jre/lib/amd64/libzip.so
7f7b7a0fb000-7f7b7a2fb000 ---p 0001a000 08:06 1865178                    /usr/lib/jvm/java-8-oracle/jre/lib/amd64/libzip.so
7f7b7a2fb000-7f7b7a2fc000 rw-p 0001a000 08:06 1865178                    /usr/lib/jvm/java-8-oracle/jre/lib/amd64/libzip.so
7f7b7a2fc000-7f7b7a307000 r-xp 00000000 08:06 1570247                    /lib/x86_64-linux-gnu/libnss_files-2.19.so
7f7b7a307000-7f7b7a506000 ---p 0000b000 08:06 1570247                    /lib/x86_64-linux-gnu/libnss_files-2.19.so
7f7b7a506000-7f7b7a507000 r--p 0000a000 08:06 1570247                    /lib/x86_64-linux-gnu/libnss_files-2.19.so
7f7b7a507000-7f7b7a508000 rw-p 0000b000 08:06 1570247                    /lib/x86_64-linux-gnu/libnss_files-2.19.so
7f7b7a508000-7f7b7a513000 r-xp 00000000 08:06 1570249                    /lib/x86_64-linux-gnu/libnss_nis-2.19.so
7f7b7a513000-7f7b7a712000 ---p 0000b000 08:06 1570249                    /lib/x86_64-linux-gnu/libnss_nis-2.19.so
7f7b7a712000-7f7b7a713000 r--p 0000a000 08:06 1570249                    /lib/x86_64-linux-gnu/libnss_nis-2.19.so
7f7b7a713000-7f7b7a714000 rw-p 0000b000 08:06 1570249                    /lib/x86_64-linux-gnu/libnss_nis-2.19.so
7f7b7a714000-7f7b7a72b000 r-xp 00000000 08:06 1570233                    /lib/x86_64-linux-gnu/libnsl-2.19.so
7f7b7a72b000-7f7b7a92a000 ---p 00017000 08:06 1570233                    /lib/x86_64-linux-gnu/libnsl-2.19.so
7f7b7a92a000-7f7b7a92b000 r--p 00016000 08:06 1570233                    /lib/x86_64-linux-gnu/libnsl-2.19.so
7f7b7a92b000-7f7b7a92c000 rw-p 00017000 08:06 1570233                    /lib/x86_64-linux-gnu/libnsl-2.19.so
7f7b7a92c000-7f7b7a92e000 rw-p 00000000 00:00 0 
7f7b7a92e000-7f7b7a937000 r-xp 00000000 08:06 1570234                    /lib/x86_64-linux-gnu/libnss_compat-2.19.so
7f7b7a937000-7f7b7ab36000 ---p 00009000 08:06 1570234                    /lib/x86_64-linux-gnu/libnss_compat-2.19.so
7f7b7ab36000-7f7b7ab37000 r--p 00008000 08:06 1570234                    /lib/x86_64-linux-gnu/libnss_compat-2.19.so
7f7b7ab37000-7f7b7ab38000 rw-p 00009000 08:06 1570234                    /lib/x86_64-linux-gnu/libnss_compat-2.19.so
7f7b7ab38000-7f7b7ab62000 r-xp 00000000 08:06 1865171                    /usr/lib/jvm/java-8-oracle/jre/lib/amd64/libjava.so
7f7b7ab62000-7f7b7ad62000 ---p 0002a000 08:06 1865171                    /usr/lib/jvm/java-8-oracle/jre/lib/amd64/libjava.so
7f7b7ad62000-7f7b7ad64000 rw-p 0002a000 08:06 1865171                    /usr/lib/jvm/java-8-oracle/jre/lib/amd64/libjava.so
7f7b7ad64000-7f7b7ad71000 r-xp 00000000 08:06 1865211                    /usr/lib/jvm/java-8-oracle/jre/lib/amd64/libverify.so
7f7b7ad71000-7f7b7af71000 ---p 0000d000 08:06 1865211                    /usr/lib/jvm/java-8-oracle/jre/lib/amd64/libverify.so
7f7b7af71000-7f7b7af73000 rw-p 0000d000 08:06 1865211                    /usr/lib/jvm/java-8-oracle/jre/lib/amd64/libverify.so
7f7b7af73000-7f7b7af7a000 r-xp 00000000 08:06 1570250                    /lib/x86_64-linux-gnu/librt-2.19.so
7f7b7af7a000-7f7b7b179000 ---p 00007000 08:06 1570250                    /lib/x86_64-linux-gnu/librt-2.19.so
7f7b7b179000-7f7b7b17a000 r--p 00006000 08:06 1570250                    /lib/x86_64-linux-gnu/librt-2.19.so
7f7b7b17a000-7f7b7b17b000 rw-p 00007000 08:06 1570250                    /lib/x86_64-linux-gnu/librt-2.19.so
7f7b7b17b000-7f7b7b280000 r-xp 00000000 08:06 1570226                    /lib/x86_64-linux-gnu/libm-2.19.so
7f7b7b280000-7f7b7b47f000 ---p 00105000 08:06 1570226                    /lib/x86_64-linux-gnu/libm-2.19.so
7f7b7b47f000-7f7b7b480000 r--p 00104000 08:06 1570226                    /lib/x86_64-linux-gnu/libm-2.19.so
7f7b7b480000-7f7b7b481000 rw-p 00105000 08:06 1570226                    /lib/x86_64-linux-gnu/libm-2.19.so
7f7b7b481000-7f7b7c12f000 r-xp 00000000 08:06 1865230                    /usr/lib/jvm/java-8-oracle/jre/lib/amd64/server/libjvm.so
7f7b7c12f000-7f7b7c32e000 ---p 00cae000 08:06 1865230                    /usr/lib/jvm/java-8-oracle/jre/lib/amd64/server/libjvm.so
7f7b7c32e000-7f7b7c405000 rw-p 00cad000 08:06 1865230                    /usr/lib/jvm/java-8-oracle/jre/lib/amd64/server/libjvm.so
7f7b7c405000-7f7b7c449000 rw-p 00000000 00:00 0 
7f7b7c449000-7f7b7c603000 r-xp 00000000 08:06 1570248                    /lib/x86_64-linux-gnu/libc-2.19.so
7f7b7c603000-7f7b7c802000 ---p 001ba000 08:06 1570248                    /lib/x86_64-linux-gnu/libc-2.19.so
7f7b7c802000-7f7b7c806000 r--p 001b9000 08:06 1570248                    /lib/x86_64-linux-gnu/libc-2.19.so
7f7b7c806000-7f7b7c808000 rw-p 001bd000 08:06 1570248                    /lib/x86_64-linux-gnu/libc-2.19.so
7f7b7c808000-7f7b7c80d000 rw-p 00000000 00:00 0 
7f7b7c80d000-7f7b7c810000 r-xp 00000000 08:06 1570236                    /lib/x86_64-linux-gnu/libdl-2.19.so
7f7b7c810000-7f7b7ca0f000 ---p 00003000 08:06 1570236                    /lib/x86_64-linux-gnu/libdl-2.19.so
7f7b7ca0f000-7f7b7ca10000 r--p 00002000 08:06 1570236                    /lib/x86_64-linux-gnu/libdl-2.19.so
7f7b7ca10000-7f7b7ca11000 rw-p 00003000 08:06 1570236                    /lib/x86_64-linux-gnu/libdl-2.19.so
7f7b7ca11000-7f7b7ca26000 r-xp 00000000 08:06 1865548                    /usr/lib/jvm/java-8-oracle/lib/amd64/jli/libjli.so
7f7b7ca26000-7f7b7cc26000 ---p 00015000 08:06 1865548                    /usr/lib/jvm/java-8-oracle/lib/amd64/jli/libjli.so
7f7b7cc26000-7f7b7cc27000 rw-p 00015000 08:06 1865548                    /usr/lib/jvm/java-8-oracle/lib/amd64/jli/libjli.so
7f7b7cc27000-7f7b7cc40000 r-xp 00000000 08:06 1570237                    /lib/x86_64-linux-gnu/libpthread-2.19.so
7f7b7cc40000-7f7b7ce3f000 ---p 00019000 08:06 1570237                    /lib/x86_64-linux-gnu/libpthread-2.19.so
7f7b7ce3f000-7f7b7ce40000 r--p 00018000 08:06 1570237                    /lib/x86_64-linux-gnu/libpthread-2.19.so
7f7b7ce40000-7f7b7ce41000 rw-p 00019000 08:06 1570237                    /lib/x86_64-linux-gnu/libpthread-2.19.so
7f7b7ce41000-7f7b7ce45000 rw-p 00000000 00:00 0 
7f7b7ce45000-7f7b7ce68000 r-xp 00000000 08:06 1570243                    /lib/x86_64-linux-gnu/ld-2.19.so
7f7b7ce6a000-7f7b7cf43000 rw-p 00000000 00:00 0 
7f7b7cf43000-7f7b7cf46000 ---p 00000000 00:00 0 
7f7b7cf46000-7f7b7d048000 rw-p 00000000 00:00 0                          [stack:17318]
7f7b7d04b000-7f7b7d04c000 rw-p 00000000 00:00 0 
7f7b7d04c000-7f7b7d05b000 r--s 000dd000 08:06 833407                     /home/edward/Android/Sdk/build-tools/21.1.2/lib/dx.jar
7f7b7d05b000-7f7b7d063000 rw-s 00000000 08:06 1066052                    /tmp/hsperfdata_edward/17313
7f7b7d063000-7f7b7d064000 rw-p 00000000 00:00 0 
7f7b7d064000-7f7b7d065000 ---p 00000000 00:00 0 
7f7b7d065000-7f7b7d067000 rw-p 00000000 00:00 0 
7f7b7d067000-7f7b7d068000 r--p 00022000 08:06 1570243                    /lib/x86_64-linux-gnu/ld-2.19.so
7f7b7d068000-7f7b7d069000 rw-p 00023000 08:06 1570243                    /lib/x86_64-linux-gnu/ld-2.19.so
7f7b7d069000-7f7b7d06a000 rw-p 00000000 00:00 0 
7fff40e71000-7fff40e93000 rw-p 00000000 00:00 0                          [stack]
7fff40eb0000-7fff40eb2000 r-xp 00000000 00:00 0                          [vdso]
7fff40eb2000-7fff40eb4000 r--p 00000000 00:00 0                          [vvar]
ffffffffff600000-ffffffffff601000 r-xp 00000000 00:00 0                  [vsyscall]

VM Arguments:
jvm_args: -Xmx1024M -Dfile.encoding=UTF-8 -Duser.country=US -Duser.language=en -Duser.variant 
java_command: com.android.dx.command.Main --dex --output /home/edward/AndroidStudioProjects/GUIFinalProject/app/build/intermediates/dex/debug /home/edward/AndroidStudioProjects/GUIFinalProject/app/build/intermediates/classes/debug /home/edward/AndroidStudioProjects/GUIFinalProject/app/build/intermediates/pre-dexed/debug/classes-e7c20d2370c1dbc6eacd943d24d5fa6b9919ecc3.jar /home/edward/AndroidStudioProjects/GUIFinalProject/app/build/intermediates/pre-dexed/debug/support-annotations-22.1.1-a127d755c8f62e476124e68300258eca50f0ab08.jar /home/edward/AndroidStudioProjects/GUIFinalProject/app/build/intermediates/pre-dexed/debug/classes-d4860da2264317adcf603721fd23c3e3580aca77.jar /home/edward/AndroidStudioProjects/GUIFinalProject/app/build/intermediates/pre-dexed/debug/classes-4c08ee3a92fd5287c93c829016d103dbd3399321.jar /home/edward/AndroidStudioProjects/GUIFinalProject/app/build/intermediates/pre-dexed/debug/classes-99c6ea2990c1f158d30a9ba6d9113b9256878c19.jar /home/edward/AndroidStudioProjects/GUIFinalProject/app/build/intermediates/pre-dexed/debug/classes-5eecde33e3b862a001c91f40481897fda012cd65.jar /home/edward/AndroidStudioProjects/GUIFinalProject/app/build/intermediates/pre-dexed/debug/classes-aaafc0d8609cc9a8296d1415f970ac09af8e2f81.jar /home/edward/AndroidStudioProjects/GUIFinalProject/app/build/intermediates/pre-dexed/debug/classes-6189f465b324711557f1de4a1c3b9cfd97913b15.jar /home/edward/AndroidStudioProjects/GUIFinalProject/app/build/intermediates/pre-dexed/debug/classes-caacc30ac06bc853fc42e836e34b7fed4165dc80.jar /home/edward/AndroidStudioProjects/GUIFinalProject/app/build/intermediates/pre-dexed/debug/scribe-1.3.5-56d9efbbc364b14209f8532da73af106284a6ceb.jar /home/edward/AndroidStudioProjects/GUIFinalProject/app/build/intermediates/pre-dexed/debug/volley-3d80368dd76cda47dbe15a6d07e15a7c28e96524.jar /home/edward/AndroidStudioProjects/GUIFinalProject/app/build/intermediates/pre-dexed/debug/classes-474c6f48468d8d55c6d42d147f52fdb04e095ffc.jar /home/edward/And
java_class_path (initial): /home/edward/Android/Sdk/build-tools/21.1.2/lib/dx.jar
Launcher Type: SUN_STANDARD

Environment Variables:
CLASSPATH=/home/edward/Downloads/android-studio/bin/../lib/bootstrap.jar:/home/edward/Downloads/android-studio/bin/../lib/extensions.jar:/home/edward/Downloads/android-studio/bin/../lib/util.jar:/home/edward/Downloads/android-studio/bin/../lib/jdom.jar:/home/edward/Downloads/android-studio/bin/../lib/log4j.jar:/home/edward/Downloads/android-studio/bin/../lib/trove4j.jar:/home/edward/Downloads/android-studio/bin/../lib/jna.jar:/usr/lib/jvm/java-8-oracle/lib/tools.jar
PATH=/usr/local/sbin:/usr/local/bin:/usr/sbin:/usr/bin:/sbin:/bin:/usr/games:/usr/local/games
LD_LIBRARY_PATH=/home/edward/Downloads/android-studio/bin:
SHELL=/usr/bin/fish
DISPLAY=:0

Signal Handlers:
SIGSEGV: [libjvm.so+0xaad1e0], sa_mask[0]=11111111011111111101111111111110, sa_flags=SA_RESTART|SA_SIGINFO
SIGBUS: [libjvm.so+0xaad1e0], sa_mask[0]=11111111011111111101111111111110, sa_flags=SA_RESTART|SA_SIGINFO
SIGFPE: [libjvm.so+0x90b450], sa_mask[0]=11111111011111111101111111111110, sa_flags=SA_RESTART|SA_SIGINFO
SIGPIPE: [libjvm.so+0x90b450], sa_mask[0]=11111111011111111101111111111110, sa_flags=SA_RESTART|SA_SIGINFO
SIGXFSZ: [libjvm.so+0x90b450], sa_mask[0]=11111111011111111101111111111110, sa_flags=SA_RESTART|SA_SIGINFO
SIGILL: [libjvm.so+0x90b450], sa_mask[0]=11111111011111111101111111111110, sa_flags=SA_RESTART|SA_SIGINFO
SIGUSR1: SIG_DFL, sa_mask[0]=00000000000000000000000000000000, sa_flags=none
SIGUSR2: [libjvm.so+0x90ca90], sa_mask[0]=00100000000000000000000000000000, sa_flags=SA_RESTART|SA_SIGINFO
SIGHUP: [libjvm.so+0x90dde0], sa_mask[0]=11111111011111111101111111111110, sa_flags=SA_RESTART|SA_SIGINFO
SIGINT: [libjvm.so+0x90dde0], sa_mask[0]=11111111011111111101111111111110, sa_flags=SA_RESTART|SA_SIGINFO
SIGTERM: [libjvm.so+0x90dde0], sa_mask[0]=11111111011111111101111111111110, sa_flags=SA_RESTART|SA_SIGINFO
SIGQUIT: [libjvm.so+0x90dde0], sa_mask[0]=11111111011111111101111111111110, sa_flags=SA_RESTART|SA_SIGINFO


---------------  S Y S T E M  ---------------

OS:DISTRIB_ID=Ubuntu
DISTRIB_RELEASE=14.10
DISTRIB_CODENAME=utopic
DISTRIB_DESCRIPTION="Ubuntu 14.10"

uname:Linux 3.16.0-23-generic #31-Ubuntu SMP Tue Oct 21 17:56:17 UTC 2014 x86_64
libc:glibc 2.19 NPTL 2.19 
rlimit: STACK 8192k, CORE 0k, NPROC 23708, NOFILE 4096, AS infinity
load average:2.75 2.48 2.45

/proc/meminfo:
MemTotal:        6091736 kB
MemFree:           99472 kB
MemAvailable:      56324 kB
Buffers:            1984 kB
Cached:            75104 kB
SwapCached:        27700 kB
Active:          2616000 kB
Inactive:         883864 kB
Active(anon):    2594732 kB
Inactive(anon):   870020 kB
Active(file):      21268 kB
Inactive(file):    13844 kB
Unevictable:         800 kB
Mlocked:             800 kB
SwapTotal:       6269948 kB
SwapFree:          10324 kB
Dirty:               900 kB
Writeback:           252 kB
AnonPages:       3395768 kB
Mapped:            72236 kB
Shmem:             44392 kB
Slab:             130328 kB
SReclaimable:      47536 kB
SUnreclaim:        82792 kB
KernelStack:       15072 kB
PageTables:        67200 kB
NFS_Unstable:          0 kB
Bounce:                0 kB
WritebackTmp:          0 kB
CommitLimit:     9315816 kB
Committed_AS:   16851456 kB
VmallocTotal:   34359738367 kB
VmallocUsed:      174540 kB
VmallocChunk:   34359559376 kB
HardwareCorrupted:     0 kB
AnonHugePages:    702464 kB
HugePages_Total:       0
HugePages_Free:        0
HugePages_Rsvd:        0
HugePages_Surp:        0
Hugepagesize:       2048 kB
DirectMap4k:     5482092 kB
DirectMap2M:      790528 kB


CPU:total 8 (4 cores per cpu, 2 threads per core) family 6 model 42 stepping 7, cmov, cx8, fxsr, mmx, sse, sse2, sse3, ssse3, sse4.1, sse4.2, popcnt, avx, aes, clmul, ht, tsc, tscinvbit

/proc/cpuinfo:
processor	: 0
vendor_id	: GenuineIntel
cpu family	: 6
model		: 42
model name	: Intel(R) Core(TM) i7-2670QM CPU @ 2.20GHz
stepping	: 7
microcode	: 0x1a
cpu MHz		: 2799.929
cache size	: 6144 KB
physical id	: 0
siblings	: 8
core id		: 0
cpu cores	: 4
apicid		: 0
initial apicid	: 0
fpu		: yes
fpu_exception	: yes
cpuid level	: 13
wp		: yes
flags		: fpu vme de pse tsc msr pae mce cx8 apic sep mtrr pge mca cmov pat pse36 clflush dts acpi mmx fxsr sse sse2 ss ht tm pbe syscall nx rdtscp lm constant_tsc arch_perfmon pebs bts rep_good nopl xtopology nonstop_tsc aperfmperf eagerfpu pni pclmulqdq dtes64 monitor ds_cpl vmx est tm2 ssse3 cx16 xtpr pdcm pcid sse4_1 sse4_2 x2apic popcnt tsc_deadline_timer aes xsave avx lahf_lm ida arat epb xsaveopt pln pts dtherm tpr_shadow vnmi flexpriority ept vpid
bogomips	: 4390.30
clflush size	: 64
cache_alignment	: 64
address sizes	: 36 bits physical, 48 bits virtual
power management:

processor	: 1
vendor_id	: GenuineIntel
cpu family	: 6
model		: 42
model name	: Intel(R) Core(TM) i7-2670QM CPU @ 2.20GHz
stepping	: 7
microcode	: 0x1a
cpu MHz		: 2800.101
cache size	: 6144 KB
physical id	: 0
siblings	: 8
core id		: 1
cpu cores	: 4
apicid		: 2
initial apicid	: 2
fpu		: yes
fpu_exception	: yes
cpuid level	: 13
wp		: yes
flags		: fpu vme de pse tsc msr pae mce cx8 apic sep mtrr pge mca cmov pat pse36 clflush dts acpi mmx fxsr sse sse2 ss ht tm pbe syscall nx rdtscp lm constant_tsc arch_perfmon pebs bts rep_good nopl xtopology nonstop_tsc aperfmperf eagerfpu pni pclmulqdq dtes64 monitor ds_cpl vmx est tm2 ssse3 cx16 xtpr pdcm pcid sse4_1 sse4_2 x2apic popcnt tsc_deadline_timer aes xsave avx lahf_lm ida arat epb xsaveopt pln pts dtherm tpr_shadow vnmi flexpriority ept vpid
bogomips	: 4390.30
clflush size	: 64
cache_alignment	: 64
address sizes	: 36 bits physical, 48 bits virtual
power management:

processor	: 2
vendor_id	: GenuineIntel
cpu family	: 6
model		: 42
model name	: Intel(R) Core(TM) i7-2670QM CPU @ 2.20GHz
stepping	: 7
microcode	: 0x1a
cpu MHz		: 2811.187
cache size	: 6144 KB
physical id	: 0
siblings	: 8
core id		: 2
cpu cores	: 4
apicid		: 4
initial apicid	: 4
fpu		: yes
fpu_exception	: yes
cpuid level	: 13
wp		: yes
flags		: fpu vme de pse tsc msr pae mce cx8 apic sep mtrr pge mca cmov pat pse36 clflush dts acpi mmx fxsr sse sse2 ss ht tm pbe syscall nx rdtscp lm constant_tsc arch_perfmon pebs bts rep_good nopl xtopology nonstop_tsc aperfmperf eagerfpu pni pclmulqdq dtes64 monitor ds_cpl vmx est tm2 ssse3 cx16 xtpr pdcm pcid sse4_1 sse4_2 x2apic popcnt tsc_deadline_timer aes xsave avx lahf_lm ida arat epb xsaveopt pln pts dtherm tpr_shadow vnmi flexpriority ept vpid
bogomips	: 4390.30
clflush size	: 64
cache_alignment	: 64
address sizes	: 36 bits physical, 48 bits virtual
power management:

processor	: 3
vendor_id	: GenuineIntel
cpu family	: 6
model		: 42
model name	: Intel(R) Core(TM) i7-2670QM CPU @ 2.20GHz
stepping	: 7
microcode	: 0x1a
cpu MHz		: 2800.789
cache size	: 6144 KB
physical id	: 0
siblings	: 8
core id		: 3
cpu cores	: 4
apicid		: 6
initial apicid	: 6
fpu		: yes
fpu_exception	: yes
cpuid level	: 13
wp		: yes
flags		: fpu vme de pse tsc msr pae mce cx8 apic sep mtrr pge mca cmov pat pse36 clflush dts acpi mmx fxsr sse sse2 ss ht tm pbe syscall nx rdtscp lm constant_tsc arch_perfmon pebs bts rep_good nopl xtopology nonstop_tsc aperfmperf eagerfpu pni pclmulqdq dtes64 monitor ds_cpl vmx est tm2 ssse3 cx16 xtpr pdcm pcid sse4_1 sse4_2 x2apic popcnt tsc_deadline_timer aes xsave avx lahf_lm ida arat epb xsaveopt pln pts dtherm tpr_shadow vnmi flexpriority ept vpid
bogomips	: 4390.30
clflush size	: 64
cache_alignment	: 64
address sizes	: 36 bits physical, 48 bits virtual
power management:

processor	: 4
vendor_id	: GenuineIntel
cpu family	: 6
model		: 42
model name	: Intel(R) Core(TM) i7-2670QM CPU @ 2.20GHz
stepping	: 7
microcode	: 0x1a
cpu MHz		: 2800.015
cache size	: 6144 KB
physical id	: 0
siblings	: 8
core id		: 0
cpu cores	: 4
apicid		: 1
initial apicid	: 1
fpu		: yes
fpu_exception	: yes
cpuid level	: 13
wp		: yes
flags		: fpu vme de pse tsc msr pae mce cx8 apic sep mtrr pge mca cmov pat pse36 clflush dts acpi mmx fxsr sse sse2 ss ht tm pbe syscall nx rdtscp lm constant_tsc arch_perfmon pebs bts rep_good nopl xtopology nonstop_tsc aperfmperf eagerfpu pni pclmulqdq dtes64 monitor ds_cpl vmx est tm2 ssse3 cx16 xtpr pdcm pcid sse4_1 sse4_2 x2apic popcnt tsc_deadline_timer aes xsave avx lahf_lm ida arat epb xsaveopt pln pts dtherm tpr_shadow vnmi flexpriority ept vpid
bogomips	: 4390.30
clflush size	: 64
cache_alignment	: 64
address sizes	: 36 bits physical, 48 bits virtual
power management:

processor	: 5
vendor_id	: GenuineIntel
cpu family	: 6
model		: 42
model name	: Intel(R) Core(TM) i7-2670QM CPU @ 2.20GHz
stepping	: 7
microcode	: 0x1a
cpu MHz		: 2800.015
cache size	: 6144 KB
physical id	: 0
siblings	: 8
core id		: 1
cpu cores	: 4
apicid		: 3
initial apicid	: 3
fpu		: yes
fpu_exception	: yes
cpuid level	: 13
wp		: yes
flags		: fpu vme de pse tsc msr pae mce cx8 apic sep mtrr pge mca cmov pat pse36 clflush dts acpi mmx fxsr sse sse2 ss ht tm pbe syscall nx rdtscp lm constant_tsc arch_perfmon pebs bts rep_good nopl xtopology nonstop_tsc aperfmperf eagerfpu pni pclmulqdq dtes64 monitor ds_cpl vmx est tm2 ssse3 cx16 xtpr pdcm pcid sse4_1 sse4_2 x2apic popcnt tsc_deadline_timer aes xsave avx lahf_lm ida arat epb xsaveopt pln pts dtherm tpr_shadow vnmi flexpriority ept vpid
bogomips	: 4390.30
clflush size	: 64
cache_alignment	: 64
address sizes	: 36 bits physical, 48 bits virtual
power management:

processor	: 6
vendor_id	: GenuineIntel
cpu family	: 6
model		: 42
model name	: Intel(R) Core(TM) i7-2670QM CPU @ 2.20GHz
stepping	: 7
microcode	: 0x1a
cpu MHz		: 2800.101
cache size	: 6144 KB
physical id	: 0
siblings	: 8
core id		: 2
cpu cores	: 4
apicid		: 5
initial apicid	: 5
fpu		: yes
fpu_exception	: yes
cpuid level	: 13
wp		: yes
flags		: fpu vme de pse tsc msr pae mce cx8 apic sep mtrr pge mca cmov pat pse36 clflush dts acpi mmx fxsr sse sse2 ss ht tm pbe syscall nx rdtscp lm constant_tsc arch_perfmon pebs bts rep_good nopl xtopology nonstop_tsc aperfmperf eagerfpu pni pclmulqdq dtes64 monitor ds_cpl vmx est tm2 ssse3 cx16 xtpr pdcm pcid sse4_1 sse4_2 x2apic popcnt tsc_deadline_timer aes xsave avx lahf_lm ida arat epb xsaveopt pln pts dtherm tpr_shadow vnmi flexpriority ept vpid
bogomips	: 4390.30
clflush size	: 64
cache_alignment	: 64
address sizes	: 36 bits physical, 48 bits virtual
power management:

processor	: 7
vendor_id	: GenuineIntel
cpu family	: 6
model		: 42
model name	: Intel(R) Core(TM) i7-2670QM CPU @ 2.20GHz
stepping	: 7
microcode	: 0x1a
cpu MHz		: 2801.734
cache size	: 6144 KB
physical id	: 0
siblings	: 8
core id		: 3
cpu cores	: 4
apicid		: 7
initial apicid	: 7
fpu		: yes
fpu_exception	: yes
cpuid level	: 13
wp		: yes
flags		: fpu vme de pse tsc msr pae mce cx8 apic sep mtrr pge mca cmov pat pse36 clflush dts acpi mmx fxsr sse sse2 ss ht tm pbe syscall nx rdtscp lm constant_tsc arch_perfmon pebs bts rep_good nopl xtopology nonstop_tsc aperfmperf eagerfpu pni pclmulqdq dtes64 monitor ds_cpl vmx est tm2 ssse3 cx16 xtpr pdcm pcid sse4_1 sse4_2 x2apic popcnt tsc_deadline_timer aes xsave avx lahf_lm ida arat epb xsaveopt pln pts dtherm tpr_shadow vnmi flexpriority ept vpid
bogomips	: 4390.30
clflush size	: 64
cache_alignment	: 64
address sizes	: 36 bits physical, 48 bits virtual
power management:



Memory: 4k page, physical 6091736k(99472k free), swap 6269948k(10036k free)

vm_info: Java HotSpot(TM) 64-Bit Server VM (25.45-b02) for linux-amd64 JRE (1.8.0_45-b14), built on Apr 10 2015 10:07:45 by "java_re" with gcc 4.3.0 20080428 (Red Hat 4.3.0-8)

time: Mon May 11 22:14:10 2015
elapsed time: 3 seconds (0d 0h 0m 3s)

