#
# There is insufficient memory for the Java Runtime Environment to continue.
# Native memory allocation (mmap) failed to map 113246208 bytes for committing reserved memory.
# Possible reasons:
#   The system is out of physical RAM or swap space
#   In 32 bit mode, the process size limit was hit
# Possible solutions:
#   Reduce memory load on the system
#   Increase physical memory or swap space
#   Check if swap backing store is full
#   Use 64 bit Java on a 64 bit OS
#   Decrease Java heap size (-Xmx/-Xms)
#   Decrease number of Java threads
#   Decrease Java thread stack sizes (-Xss)
#   Set larger code cache with -XX:ReservedCodeCacheSize=
# This output file may be truncated or incomplete.
#
#  Out of Memory Error (os_linux.cpp:2673), pid=17661, tid=140221178939136
#
# JRE version: Java(TM) SE Runtime Environment (8.0_45-b14) (build 1.8.0_45-b14)
# Java VM: Java HotSpot(TM) 64-Bit Server VM (25.45-b02 mixed mode linux-amd64 compressed oops)
# Failed to write core dump. Core dumps have been disabled. To enable core dumping, try "ulimit -c unlimited" before starting Java again
#

---------------  T H R E A D  ---------------

Current thread (0x00007f87e0082800):  VMThread [stack: 0x00007f87c97f8000,0x00007f87c98f9000] [id=17675]

Stack: [0x00007f87c97f8000,0x00007f87c98f9000],  sp=0x00007f87c98f7060,  free space=1020k
Native frames: (J=compiled Java code, j=interpreted, Vv=VM code, C=native code)
V  [libjvm.so+0xaac99a]  VMError::report_and_die()+0x2ba
V  [libjvm.so+0x4f333b]  report_vm_out_of_memory(char const*, int, unsigned long, VMErrorType, char const*)+0x8b
V  [libjvm.so+0x90e7c3]  os::Linux::commit_memory_impl(char*, unsigned long, bool)+0x103
V  [libjvm.so+0x90ed19]  os::pd_commit_memory(char*, unsigned long, unsigned long, bool)+0x29
V  [libjvm.so+0x90867a]  os::commit_memory(char*, unsigned long, unsigned long, bool)+0x2a
V  [libjvm.so+0x97bac3]  PSVirtualSpace::expand_by(unsigned long)+0x53
V  [libjvm.so+0x97cec8]  PSYoungGen::resize_generation(unsigned long, unsigned long)+0xf8
V  [libjvm.so+0x97c022]  PSYoungGen::resize(unsigned long, unsigned long)+0x22
V  [libjvm.so+0x9792fb]  PSScavenge::invoke_no_policy()+0xf7b
V  [libjvm.so+0x979a81]  PSScavenge::invoke()+0x41
V  [libjvm.so+0x932050]  ParallelScavengeHeap::failed_mem_allocate(unsigned long)+0x70
V  [libjvm.so+0xaae1d7]  VM_ParallelGCFailedAllocation::doit()+0x97
V  [libjvm.so+0xab59c5]  VM_Operation::evaluate()+0x55
V  [libjvm.so+0xab3d9a]  VMThread::evaluate_operation(VM_Operation*)+0xba
V  [libjvm.so+0xab411e]  VMThread::loop()+0x1ce
V  [libjvm.so+0xab4590]  VMThread::run()+0x70
V  [libjvm.so+0x910de8]  java_start(Thread*)+0x108

VM_Operation (0x00007f87e90f20e0): ParallelGCFailedAllocation, mode: safepoint, requested by thread 0x00007f87e000c000


---------------  P R O C E S S  ---------------

Java Threads: ( => current thread )
  0x00007f87e00d8000 JavaThread "Service Thread" daemon [_thread_blocked, id=17683, stack(0x00007f87c890e000,0x00007f87c8a0f000)]
  0x00007f87e00ca800 JavaThread "C1 CompilerThread3" daemon [_thread_blocked, id=17682, stack(0x00007f87c8a0f000,0x00007f87c8b10000)]
  0x00007f87e00c8800 JavaThread "C2 CompilerThread2" daemon [_thread_in_native, id=17681, stack(0x00007f87c8b10000,0x00007f87c8c11000)]
  0x00007f87e00c6800 JavaThread "C2 CompilerThread1" daemon [_thread_blocked, id=17680, stack(0x00007f87c8c11000,0x00007f87c8d12000)]
  0x00007f87e00c3800 JavaThread "C2 CompilerThread0" daemon [_thread_blocked, id=17679, stack(0x00007f87c8d12000,0x00007f87c8e13000)]
  0x00007f87e00c2000 JavaThread "Signal Dispatcher" daemon [_thread_blocked, id=17678, stack(0x00007f87c8e13000,0x00007f87c8f14000)]
  0x00007f87e008a000 JavaThread "Finalizer" daemon [_thread_blocked, id=17677, stack(0x00007f87c95f6000,0x00007f87c96f7000)]
  0x00007f87e0087800 JavaThread "Reference Handler" daemon [_thread_blocked, id=17676, stack(0x00007f87c96f7000,0x00007f87c97f8000)]
  0x00007f87e000c000 JavaThread "main" [_thread_blocked, id=17666, stack(0x00007f87e8ff3000,0x00007f87e90f4000)]

Other Threads:
=>0x00007f87e0082800 VMThread [stack: 0x00007f87c97f8000,0x00007f87c98f9000] [id=17675]
  0x00007f87e00da800 WatcherThread [stack: 0x00007f87c880d000,0x00007f87c890e000] [id=17684]

VM state:at safepoint (normal execution)

VM Mutex/Monitor currently owned by a thread:  ([mutex/lock_event])
[0x00007f87e00084e0] Threads_lock - owner thread: 0x00007f87e0082800
[0x00007f87e00089e0] Heap_lock - owner thread: 0x00007f87e000c000

Heap:
 PSYoungGen      total 101888K, used 3575K [0x00000000eab00000, 0x00000000f1200000, 0x0000000100000000)
  eden space 98304K, 0% used [0x00000000eab00000,0x00000000eab00000,0x00000000f0b00000)
  from space 3584K, 99% used [0x00000000f0b00000,0x00000000f0e7dd90,0x00000000f0e80000)
  to   space 3584K, 0% used [0x00000000f0e80000,0x00000000f0e80000,0x00000000f1200000)
 ParOldGen       total 64512K, used 24541K [0x00000000c0000000, 0x00000000c3f00000, 0x00000000eab00000)
  object space 64512K, 38% used [0x00000000c0000000,0x00000000c17f7658,0x00000000c3f00000)
 Metaspace       used 7363K, capacity 7934K, committed 8192K, reserved 1056768K
  class space    used 710K, capacity 753K, committed 768K, reserved 1048576K

Card table byte_map: [0x00007f87e5bd0000,0x00007f87e5dd1000] byte_map_base: 0x00007f87e55d0000

Marking Bits: (ParMarkBitMap*) 0x00007f87e84ce760
 Begin Bits: [0x00007f87ca000000, 0x00007f87cb000000)
 End Bits:   [0x00007f87cb000000, 0x00007f87cc000000)

Polling page: 0x00007f87e9114000

CodeCache: size=245760Kb used=8353Kb max_used=8371Kb free=237406Kb
 bounds [0x00007f87d1000000, 0x00007f87d1840000, 0x00007f87e0000000]
 total_blobs=2771 nmethods=2476 adapters=209
 compilation: enabled

Compilation events (10 events):
Event: 2.052 Thread 0x00007f87e00c6800 nmethod 2476 0x00007f87d181b090 code [0x00007f87d181b200, 0x00007f87d181b438]
Event: 2.052 Thread 0x00007f87e00c6800 2487       4       com.android.dx.merge.DexMerger$4::updateIndex (50 bytes)
Event: 2.053 Thread 0x00007f87e00c6800 nmethod 2487 0x00007f87d180e910 code [0x00007f87d180ea60, 0x00007f87d180eb58]
Event: 2.053 Thread 0x00007f87e00c6800 2488       4       com.android.dx.merge.DexMerger$4::write (9 bytes)
Event: 2.060 Thread 0x00007f87e00ca800 2511       3       com.android.dex.EncodedValueCodec::readSignedLong (48 bytes)
Event: 2.060 Thread 0x00007f87e00ca800 nmethod 2511 0x00007f87d181aad0 code [0x00007f87d181ac40, 0x00007f87d181af48]
Event: 2.060 Thread 0x00007f87e00ca800 2510       3       com.android.dex.EncodedValueReader::readLong (23 bytes)
Event: 2.061 Thread 0x00007f87e00ca800 nmethod 2510 0x00007f87d181a3d0 code [0x00007f87d181a540, 0x00007f87d181a718]
Event: 2.063 Thread 0x00007f87e00c6800 nmethod 2488 0x00007f87d1821190 code [0x00007f87d1821320, 0x00007f87d1821778]
Event: 2.063 Thread 0x00007f87e00c6800 2509       4       java.util.HashMap$TreeNode::balanceInsertion (245 bytes)

GC Heap History (9 events):
Event: 0.899 GC heap before
{Heap before GC invocations=1 (full 0):
 PSYoungGen      total 28160K, used 24576K [0x00000000eab00000, 0x00000000eca00000, 0x0000000100000000)
  eden space 24576K, 100% used [0x00000000eab00000,0x00000000ec300000,0x00000000ec300000)
  from space 3584K, 0% used [0x00000000ec680000,0x00000000ec680000,0x00000000eca00000)
  to   space 3584K, 0% used [0x00000000ec300000,0x00000000ec300000,0x00000000ec680000)
 ParOldGen       total 64512K, used 0K [0x00000000c0000000, 0x00000000c3f00000, 0x00000000eab00000)
  object space 64512K, 0% used [0x00000000c0000000,0x00000000c0000000,0x00000000c3f00000)
 Metaspace       used 5487K, capacity 6832K, committed 7040K, reserved 1056768K
  class space    used 541K, capacity 616K, committed 640K, reserved 1048576K
Event: 0.908 GC heap after
Heap after GC invocations=1 (full 0):
 PSYoungGen      total 28160K, used 3553K [0x00000000eab00000, 0x00000000ee200000, 0x0000000100000000)
  eden space 24576K, 0% used [0x00000000eab00000,0x00000000eab00000,0x00000000ec300000)
  from space 3584K, 99% used [0x00000000ec300000,0x00000000ec678658,0x00000000ec680000)
  to   space 3584K, 0% used [0x00000000ede80000,0x00000000ede80000,0x00000000ee200000)
 ParOldGen       total 64512K, used 3032K [0x00000000c0000000, 0x00000000c3f00000, 0x00000000eab00000)
  object space 64512K, 4% used [0x00000000c0000000,0x00000000c02f6278,0x00000000c3f00000)
 Metaspace       used 5487K, capacity 6832K, committed 7040K, reserved 1056768K
  class space    used 541K, capacity 616K, committed 640K, reserved 1048576K
}
Event: 1.087 GC heap before
{Heap before GC invocations=2 (full 0):
 PSYoungGen      total 28160K, used 28102K [0x00000000eab00000, 0x00000000ee200000, 0x0000000100000000)
  eden space 24576K, 99% used [0x00000000eab00000,0x00000000ec2f9208,0x00000000ec300000)
  from space 3584K, 99% used [0x00000000ec300000,0x00000000ec678658,0x00000000ec680000)
  to   space 3584K, 0% used [0x00000000ede80000,0x00000000ede80000,0x00000000ee200000)
 ParOldGen       total 64512K, used 3032K [0x00000000c0000000, 0x00000000c3f00000, 0x00000000eab00000)
  object space 64512K, 4% used [0x00000000c0000000,0x00000000c02f6278,0x00000000c3f00000)
 Metaspace       used 5594K, capacity 6896K, committed 7040K, reserved 1056768K
  class space    used 546K, capacity 616K, committed 640K, reserved 1048576K
Event: 1.103 GC heap after
Heap after GC invocations=2 (full 0):
 PSYoungGen      total 52736K, used 3555K [0x00000000eab00000, 0x00000000ee200000, 0x0000000100000000)
  eden space 49152K, 0% used [0x00000000eab00000,0x00000000eab00000,0x00000000edb00000)
  from space 3584K, 99% used [0x00000000ede80000,0x00000000ee1f8c48,0x00000000ee200000)
  to   space 3584K, 0% used [0x00000000edb00000,0x00000000edb00000,0x00000000ede80000)
 ParOldGen       total 64512K, used 9575K [0x00000000c0000000, 0x00000000c3f00000, 0x00000000eab00000)
  object space 64512K, 14% used [0x00000000c0000000,0x00000000c0959dc0,0x00000000c3f00000)
 Metaspace       used 5594K, capacity 6896K, committed 7040K, reserved 1056768K
  class space    used 546K, capacity 616K, committed 640K, reserved 1048576K
}
Event: 1.601 GC heap before
{Heap before GC invocations=3 (full 0):
 PSYoungGen      total 52736K, used 52707K [0x00000000eab00000, 0x00000000ee200000, 0x0000000100000000)
  eden space 49152K, 100% used [0x00000000eab00000,0x00000000edb00000,0x00000000edb00000)
  from space 3584K, 99% used [0x00000000ede80000,0x00000000ee1f8c48,0x00000000ee200000)
  to   space 3584K, 0% used [0x00000000edb00000,0x00000000edb00000,0x00000000ede80000)
 ParOldGen       total 64512K, used 9575K [0x00000000c0000000, 0x00000000c3f00000, 0x00000000eab00000)
  object space 64512K, 14% used [0x00000000c0000000,0x00000000c0959dc0,0x00000000c3f00000)
 Metaspace       used 7235K, capacity 7928K, committed 8192K, reserved 1056768K
  class space    used 701K, capacity 752K, committed 768K, reserved 1048576K
Event: 1.616 GC heap after
Heap after GC invocations=3 (full 0):
 PSYoungGen      total 52736K, used 3575K [0x00000000eab00000, 0x00000000f1200000, 0x0000000100000000)
  eden space 49152K, 0% used [0x00000000eab00000,0x00000000eab00000,0x00000000edb00000)
  from space 3584K, 99% used [0x00000000edb00000,0x00000000ede7ddb8,0x00000000ede80000)
  to   space 3584K, 0% used [0x00000000f0e80000,0x00000000f0e80000,0x00000000f1200000)
 ParOldGen       total 64512K, used 14688K [0x00000000c0000000, 0x00000000c3f00000, 0x00000000eab00000)
  object space 64512K, 22% used [0x00000000c0000000,0x00000000c0e58388,0x00000000c3f00000)
 Metaspace       used 7235K, capacity 7928K, committed 8192K, reserved 1056768K
  class space    used 701K, capacity 752K, committed 768K, reserved 1048576K
}
Event: 1.758 GC heap before
{Heap before GC invocations=4 (full 0):
 PSYoungGen      total 52736K, used 52727K [0x00000000eab00000, 0x00000000f1200000, 0x0000000100000000)
  eden space 49152K, 100% used [0x00000000eab00000,0x00000000edb00000,0x00000000edb00000)
  from space 3584K, 99% used [0x00000000edb00000,0x00000000ede7ddb8,0x00000000ede80000)
  to   space 3584K, 0% used [0x00000000f0e80000,0x00000000f0e80000,0x00000000f1200000)
 ParOldGen       total 64512K, used 14688K [0x00000000c0000000, 0x00000000c3f00000, 0x00000000eab00000)
  object space 64512K, 22% used [0x00000000c0000000,0x00000000c0e58388,0x00000000c3f00000)
 Metaspace       used 7273K, capacity 7928K, committed 8192K, reserved 1056768K
  class space    used 701K, capacity 752K, committed 768K, reserved 1048576K
Event: 1.785 GC heap after
Heap after GC invocations=4 (full 0):
 PSYoungGen      total 101888K, used 3569K [0x00000000eab00000, 0x00000000f1200000, 0x0000000100000000)
  eden space 98304K, 0% used [0x00000000eab00000,0x00000000eab00000,0x00000000f0b00000)
  from space 3584K, 99% used [0x00000000f0e80000,0x00000000f11fc760,0x00000000f1200000)
  to   space 3584K, 0% used [0x00000000f0b00000,0x00000000f0b00000,0x00000000f0e80000)
 ParOldGen       total 64512K, used 19659K [0x00000000c0000000, 0x00000000c3f00000, 0x00000000eab00000)
  object space 64512K, 30% used [0x00000000c0000000,0x00000000c1332d70,0x00000000c3f00000)
 Metaspace       used 7273K, capacity 7928K, committed 8192K, reserved 1056768K
  class space    used 701K, capacity 752K, committed 768K, reserved 1048576K
}
Event: 2.065 GC heap before
{Heap before GC invocations=5 (full 0):
 PSYoungGen      total 101888K, used 101873K [0x00000000eab00000, 0x00000000f1200000, 0x0000000100000000)
  eden space 98304K, 100% used [0x00000000eab00000,0x00000000f0b00000,0x00000000f0b00000)
  from space 3584K, 99% used [0x00000000f0e80000,0x00000000f11fc760,0x00000000f1200000)
  to   space 3584K, 0% used [0x00000000f0b00000,0x00000000f0b00000,0x00000000f0e80000)
 ParOldGen       total 64512K, used 19659K [0x00000000c0000000, 0x00000000c3f00000, 0x00000000eab00000)
  object space 64512K, 30% used [0x00000000c0000000,0x00000000c1332d70,0x00000000c3f00000)
 Metaspace       used 7363K, capacity 7934K, committed 8192K, reserved 1056768K
  class space    used 710K, capacity 753K, committed 768K, reserved 1048576K

Deoptimization events (10 events):
Event: 1.264 Thread 0x00007f87e000c000 Uncommon trap: reason=class_check action=maybe_recompile pc=0x00007f87d15710e0 method=java.util.HashMap.putVal(ILjava/lang/Object;Ljava/lang/Object;ZZ)Ljava/lang/Object; @ 56
Event: 1.321 Thread 0x00007f87e000c000 Uncommon trap: reason=unstable_if action=reinterpret pc=0x00007f87d161f89c method=java.util.HashMap.putVal(ILjava/lang/Object;Ljava/lang/Object;ZZ)Ljava/lang/Object; @ 162
Event: 1.321 Thread 0x00007f87e000c000 Uncommon trap: reason=unstable_if action=reinterpret pc=0x00007f87d1624840 method=java.util.HashMap.putVal(ILjava/lang/Object;Ljava/lang/Object;ZZ)Ljava/lang/Object; @ 162
Event: 1.384 Thread 0x00007f87e000c000 Uncommon trap: reason=predicate action=maybe_recompile pc=0x00007f87d16a677c method=com.android.dex.Leb128.readUnsignedLeb128(Lcom/android/dex/util/ByteInput;)I @ 41
Event: 1.412 Thread 0x00007f87e000c000 Uncommon trap: reason=unstable_if action=reinterpret pc=0x00007f87d16ca80c method=java.util.HashMap.getNode(ILjava/lang/Object;)Ljava/util/HashMap$Node; @ 84
Event: 1.413 Thread 0x00007f87e000c000 Uncommon trap: reason=unstable_if action=reinterpret pc=0x00007f87d155b334 method=java.util.HashMap.getNode(ILjava/lang/Object;)Ljava/util/HashMap$Node; @ 84
Event: 1.450 Thread 0x00007f87e000c000 Uncommon trap: reason=unstable_if action=reinterpret pc=0x00007f87d16b2720 method=com.android.dex.FieldId.compareTo(Lcom/android/dex/FieldId;)I @ 8
Event: 1.451 Thread 0x00007f87e000c000 Uncommon trap: reason=unstable_if action=reinterpret pc=0x00007f87d16b2cd4 method=com.android.dex.FieldId.compareTo(Lcom/android/dex/FieldId;)I @ 8
Event: 1.636 Thread 0x00007f87e000c000 Uncommon trap: reason=unstable_if action=reinterpret pc=0x00007f87d173dc90 method=com.android.dex.EncodedValueCodec.readUnsignedInt(Lcom/android/dex/util/ByteInput;IZ)I @ 3
Event: 1.992 Thread 0x00007f87e000c000 Uncommon trap: reason=unstable_if action=reinterpret pc=0x00007f87d14b17dc method=java.lang.Long.numberOfTrailingZeros(J)I @ 3

Internal exceptions (3 events):
Event: 0.067 Thread 0x00007f87e000c000 Exception <a 'java/lang/NoSuchMethodError': Method sun.misc.Unsafe.defineClass(Ljava/lang/String;[BII)Ljava/lang/Class; name or signature does not match> (0x00000000eab12a38) thrown at [/RE-WORK/workspace/8-2-build-linux-amd64/jdk8u45/3457/hotspot/src/sha
Event: 0.067 Thread 0x00007f87e000c000 Exception <a 'java/lang/NoSuchMethodError': Method sun.misc.Unsafe.prefetchRead(Ljava/lang/Object;J)V name or signature does not match> (0x00000000eab12cc8) thrown at [/RE-WORK/workspace/8-2-build-linux-amd64/jdk8u45/3457/hotspot/src/share/vm/prims/jni.cp
Event: 0.932 Thread 0x00007f87e000c000 Implicit null exception at 0x00007f87d13c9e62 to 0x00007f87d13c9f65

Events (10 events):
Event: 1.797 loading class sun/reflect/ClassDefiner
Event: 1.797 loading class sun/reflect/ClassDefiner done
Event: 1.797 loading class sun/reflect/ClassDefiner$1
Event: 1.798 loading class sun/reflect/ClassDefiner$1 done
Event: 1.798 loading class sun/reflect/BootstrapConstructorAccessorImpl
Event: 1.798 loading class sun/reflect/BootstrapConstructorAccessorImpl done
Event: 1.992 Thread 0x00007f87e000c000 Uncommon trap: trap_request=0xffffff65 fr.pc=0x00007f87d14b17dc
Event: 1.992 Thread 0x00007f87e000c000 DEOPT PACKING pc=0x00007f87d14b17dc sp=0x00007f87e90f2170
Event: 1.992 Thread 0x00007f87e000c000 DEOPT UNPACKING pc=0x00007f87d1005229 sp=0x00007f87e90f2120 mode 2
Event: 2.065 Executing VM operation: ParallelGCFailedAllocation


Dynamic libraries:
00400000-00401000 r-xp 00000000 08:06 1865328                            /usr/lib/jvm/java-8-oracle/bin/java
00600000-00601000 rw-p 00000000 08:06 1865328                            /usr/lib/jvm/java-8-oracle/bin/java
00e36000-00e57000 rw-p 00000000 00:00 0                                  [heap]
c0000000-c3f00000 rw-p 00000000 00:00 0 
c3f00000-eab00000 ---p 00000000 00:00 0 
eab00000-f1200000 rw-p 00000000 00:00 0 
f7e00000-100000000 ---p 00000000 00:00 0 
100000000-1000c0000 rw-p 00000000 00:00 0 
1000c0000-140000000 ---p 00000000 00:00 0 
7f877c000000-7f877c021000 rw-p 00000000 00:00 0 
7f877c021000-7f8780000000 ---p 00000000 00:00 0 
7f8784000000-7f8784787000 rw-p 00000000 00:00 0 
7f8784787000-7f8788000000 ---p 00000000 00:00 0 
7f8788000000-7f8788021000 rw-p 00000000 00:00 0 
7f8788021000-7f878c000000 ---p 00000000 00:00 0 
7f878c000000-7f878c9b3000 rw-p 00000000 00:00 0 
7f878c9b3000-7f8790000000 ---p 00000000 00:00 0 
7f8790000000-7f8790912000 rw-p 00000000 00:00 0 
7f8790912000-7f8794000000 ---p 00000000 00:00 0 
7f8794000000-7f8794021000 rw-p 00000000 00:00 0 
7f8794021000-7f8798000000 ---p 00000000 00:00 0 
7f8798000000-7f8798980000 rw-p 00000000 00:00 0 
7f8798980000-7f879c000000 ---p 00000000 00:00 0 
7f879c000000-7f879c021000 rw-p 00000000 00:00 0 
7f879c021000-7f87a0000000 ---p 00000000 00:00 0 
7f87a0000000-7f87a0021000 rw-p 00000000 00:00 0 
7f87a0021000-7f87a4000000 ---p 00000000 00:00 0 
7f87a4000000-7f87a4021000 rw-p 00000000 00:00 0 
7f87a4021000-7f87a8000000 ---p 00000000 00:00 0 
7f87a8000000-7f87a828a000 rw-p 00000000 00:00 0 
7f87a828a000-7f87ac000000 ---p 00000000 00:00 0 
7f87ac000000-7f87ac021000 rw-p 00000000 00:00 0 
7f87ac021000-7f87b0000000 ---p 00000000 00:00 0 
7f87b0000000-7f87b0021000 rw-p 00000000 00:00 0 
7f87b0021000-7f87b4000000 ---p 00000000 00:00 0 
7f87b4000000-7f87b4021000 rw-p 00000000 00:00 0 
7f87b4021000-7f87b8000000 ---p 00000000 00:00 0 
7f87bc000000-7f87bc021000 rw-p 00000000 00:00 0 
7f87bc021000-7f87c0000000 ---p 00000000 00:00 0 
7f87c0000000-7f87c0021000 rw-p 00000000 00:00 0 
7f87c0021000-7f87c4000000 ---p 00000000 00:00 0 
7f87c4000000-7f87c4021000 rw-p 00000000 00:00 0 
7f87c4021000-7f87c8000000 ---p 00000000 00:00 0 
7f87c880d000-7f87c880e000 ---p 00000000 00:00 0 
7f87c880e000-7f87c890e000 rw-p 00000000 00:00 0                          [stack:17684]
7f87c890e000-7f87c8911000 ---p 00000000 00:00 0 
7f87c8911000-7f87c8a0f000 rw-p 00000000 00:00 0                          [stack:17683]
7f87c8a0f000-7f87c8a12000 ---p 00000000 00:00 0 
7f87c8a12000-7f87c8b10000 rw-p 00000000 00:00 0                          [stack:17682]
7f87c8b10000-7f87c8b13000 ---p 00000000 00:00 0 
7f87c8b13000-7f87c8c11000 rw-p 00000000 00:00 0                          [stack:17681]
7f87c8c11000-7f87c8c14000 ---p 00000000 00:00 0 
7f87c8c14000-7f87c8d12000 rw-p 00000000 00:00 0                          [stack:17680]
7f87c8d12000-7f87c8d15000 ---p 00000000 00:00 0 
7f87c8d15000-7f87c8e13000 rw-p 00000000 00:00 0                          [stack:17679]
7f87c8e13000-7f87c8e16000 ---p 00000000 00:00 0 
7f87c8e16000-7f87c8f14000 rw-p 00000000 00:00 0                          [stack:17678]
7f87c8f14000-7f87c95f6000 r--p 00000000 08:06 1840638                    /usr/lib/locale/locale-archive
7f87c95f6000-7f87c95f9000 ---p 00000000 00:00 0 
7f87c95f9000-7f87c96f7000 rw-p 00000000 00:00 0                          [stack:17677]
7f87c96f7000-7f87c96fa000 ---p 00000000 00:00 0 
7f87c96fa000-7f87c97f8000 rw-p 00000000 00:00 0                          [stack:17676]
7f87c97f8000-7f87c97f9000 ---p 00000000 00:00 0 
7f87c97f9000-7f87cc000000 rw-p 00000000 00:00 0                          [stack:17675]
7f87cc000000-7f87cc021000 rw-p 00000000 00:00 0 
7f87cc021000-7f87d0000000 ---p 00000000 00:00 0 
7f87d00d0000-7f87d1000000 rw-p 00000000 00:00 0 
7f87d1000000-7f87d1840000 rwxp 00000000 00:00 0 
7f87d1840000-7f87e0000000 ---p 00000000 00:00 0 
7f87e0000000-7f87e03d6000 rw-p 00000000 00:00 0 
7f87e03d6000-7f87e4000000 ---p 00000000 00:00 0 
7f87e4004000-7f87e4009000 r--s 00094000 08:06 1864961                    /usr/lib/jvm/java-8-oracle/jre/lib/jsse.jar
7f87e4009000-7f87e4623000 rw-p 00000000 00:00 0 
7f87e4623000-7f87e47fc000 r--s 03d09000 08:06 1864963                    /usr/lib/jvm/java-8-oracle/jre/lib/rt.jar
7f87e47fc000-7f87e4fb2000 rw-p 00000000 00:00 0 
7f87e4fb2000-7f87e5072000 ---p 00000000 00:00 0 
7f87e5072000-7f87e5272000 rw-p 00000000 00:00 0 
7f87e5272000-7f87e5273000 ---p 00000000 00:00 0 
7f87e5273000-7f87e5373000 rw-p 00000000 00:00 0                          [stack:17674]
7f87e5373000-7f87e5374000 ---p 00000000 00:00 0 
7f87e5374000-7f87e5474000 rw-p 00000000 00:00 0                          [stack:17673]
7f87e5474000-7f87e5475000 ---p 00000000 00:00 0 
7f87e5475000-7f87e5575000 rw-p 00000000 00:00 0                          [stack:17672]
7f87e5575000-7f87e5576000 ---p 00000000 00:00 0 
7f87e5576000-7f87e5676000 rw-p 00000000 00:00 0                          [stack:17671]
7f87e5676000-7f87e5677000 ---p 00000000 00:00 0 
7f87e5677000-7f87e5777000 rw-p 00000000 00:00 0                          [stack:17670]
7f87e5777000-7f87e5778000 ---p 00000000 00:00 0 
7f87e5778000-7f87e5878000 rw-p 00000000 00:00 0                          [stack:17669]
7f87e5878000-7f87e5879000 ---p 00000000 00:00 0 
7f87e5879000-7f87e5979000 rw-p 00000000 00:00 0                          [stack:17668]
7f87e5979000-7f87e597a000 ---p 00000000 00:00 0 
7f87e597a000-7f87e5a9a000 rw-p 00000000 00:00 0                          [stack:17667]
7f87e5a9a000-7f87e5bd0000 ---p 00000000 00:00 0 
7f87e5bd0000-7f87e5bf0000 rw-p 00000000 00:00 0 
7f87e5bf0000-7f87e5d25000 ---p 00000000 00:00 0 
7f87e5d25000-7f87e5d59000 rw-p 00000000 00:00 0 
7f87e5d59000-7f87e5dd0000 ---p 00000000 00:00 0 
7f87e5dd0000-7f87e5df2000 rw-p 00000000 00:00 0 
7f87e5df2000-7f87e6191000 ---p 00000000 00:00 0 
7f87e6191000-7f87e61ab000 r-xp 00000000 08:06 1865178                    /usr/lib/jvm/java-8-oracle/jre/lib/amd64/libzip.so
7f87e61ab000-7f87e63ab000 ---p 0001a000 08:06 1865178                    /usr/lib/jvm/java-8-oracle/jre/lib/amd64/libzip.so
7f87e63ab000-7f87e63ac000 rw-p 0001a000 08:06 1865178                    /usr/lib/jvm/java-8-oracle/jre/lib/amd64/libzip.so
7f87e63ac000-7f87e63b7000 r-xp 00000000 08:06 1570247                    /lib/x86_64-linux-gnu/libnss_files-2.19.so
7f87e63b7000-7f87e65b6000 ---p 0000b000 08:06 1570247                    /lib/x86_64-linux-gnu/libnss_files-2.19.so
7f87e65b6000-7f87e65b7000 r--p 0000a000 08:06 1570247                    /lib/x86_64-linux-gnu/libnss_files-2.19.so
7f87e65b7000-7f87e65b8000 rw-p 0000b000 08:06 1570247                    /lib/x86_64-linux-gnu/libnss_files-2.19.so
7f87e65b8000-7f87e65c3000 r-xp 00000000 08:06 1570249                    /lib/x86_64-linux-gnu/libnss_nis-2.19.so
7f87e65c3000-7f87e67c2000 ---p 0000b000 08:06 1570249                    /lib/x86_64-linux-gnu/libnss_nis-2.19.so
7f87e67c2000-7f87e67c3000 r--p 0000a000 08:06 1570249                    /lib/x86_64-linux-gnu/libnss_nis-2.19.so
7f87e67c3000-7f87e67c4000 rw-p 0000b000 08:06 1570249                    /lib/x86_64-linux-gnu/libnss_nis-2.19.so
7f87e67c4000-7f87e67db000 r-xp 00000000 08:06 1570233                    /lib/x86_64-linux-gnu/libnsl-2.19.so
7f87e67db000-7f87e69da000 ---p 00017000 08:06 1570233                    /lib/x86_64-linux-gnu/libnsl-2.19.so
7f87e69da000-7f87e69db000 r--p 00016000 08:06 1570233                    /lib/x86_64-linux-gnu/libnsl-2.19.so
7f87e69db000-7f87e69dc000 rw-p 00017000 08:06 1570233                    /lib/x86_64-linux-gnu/libnsl-2.19.so
7f87e69dc000-7f87e69de000 rw-p 00000000 00:00 0 
7f87e69de000-7f87e69e7000 r-xp 00000000 08:06 1570234                    /lib/x86_64-linux-gnu/libnss_compat-2.19.so
7f87e69e7000-7f87e6be6000 ---p 00009000 08:06 1570234                    /lib/x86_64-linux-gnu/libnss_compat-2.19.so
7f87e6be6000-7f87e6be7000 r--p 00008000 08:06 1570234                    /lib/x86_64-linux-gnu/libnss_compat-2.19.so
7f87e6be7000-7f87e6be8000 rw-p 00009000 08:06 1570234                    /lib/x86_64-linux-gnu/libnss_compat-2.19.so
7f87e6be8000-7f87e6c12000 r-xp 00000000 08:06 1865171                    /usr/lib/jvm/java-8-oracle/jre/lib/amd64/libjava.so
7f87e6c12000-7f87e6e12000 ---p 0002a000 08:06 1865171                    /usr/lib/jvm/java-8-oracle/jre/lib/amd64/libjava.so
7f87e6e12000-7f87e6e14000 rw-p 0002a000 08:06 1865171                    /usr/lib/jvm/java-8-oracle/jre/lib/amd64/libjava.so
7f87e6e14000-7f87e6e21000 r-xp 00000000 08:06 1865211                    /usr/lib/jvm/java-8-oracle/jre/lib/amd64/libverify.so
7f87e6e21000-7f87e7021000 ---p 0000d000 08:06 1865211                    /usr/lib/jvm/java-8-oracle/jre/lib/amd64/libverify.so
7f87e7021000-7f87e7023000 rw-p 0000d000 08:06 1865211                    /usr/lib/jvm/java-8-oracle/jre/lib/amd64/libverify.so
7f87e7023000-7f87e702a000 r-xp 00000000 08:06 1570250                    /lib/x86_64-linux-gnu/librt-2.19.so
7f87e702a000-7f87e7229000 ---p 00007000 08:06 1570250                    /lib/x86_64-linux-gnu/librt-2.19.so
7f87e7229000-7f87e722a000 r--p 00006000 08:06 1570250                    /lib/x86_64-linux-gnu/librt-2.19.so
7f87e722a000-7f87e722b000 rw-p 00007000 08:06 1570250                    /lib/x86_64-linux-gnu/librt-2.19.so
7f87e722b000-7f87e7330000 r-xp 00000000 08:06 1570226                    /lib/x86_64-linux-gnu/libm-2.19.so
7f87e7330000-7f87e752f000 ---p 00105000 08:06 1570226                    /lib/x86_64-linux-gnu/libm-2.19.so
7f87e752f000-7f87e7530000 r--p 00104000 08:06 1570226                    /lib/x86_64-linux-gnu/libm-2.19.so
7f87e7530000-7f87e7531000 rw-p 00105000 08:06 1570226                    /lib/x86_64-linux-gnu/libm-2.19.so
7f87e7531000-7f87e81df000 r-xp 00000000 08:06 1865230                    /usr/lib/jvm/java-8-oracle/jre/lib/amd64/server/libjvm.so
7f87e81df000-7f87e83de000 ---p 00cae000 08:06 1865230                    /usr/lib/jvm/java-8-oracle/jre/lib/amd64/server/libjvm.so
7f87e83de000-7f87e84b5000 rw-p 00cad000 08:06 1865230                    /usr/lib/jvm/java-8-oracle/jre/lib/amd64/server/libjvm.so
7f87e84b5000-7f87e84f9000 rw-p 00000000 00:00 0 
7f87e84f9000-7f87e86b3000 r-xp 00000000 08:06 1570248                    /lib/x86_64-linux-gnu/libc-2.19.so
7f87e86b3000-7f87e88b2000 ---p 001ba000 08:06 1570248                    /lib/x86_64-linux-gnu/libc-2.19.so
7f87e88b2000-7f87e88b6000 r--p 001b9000 08:06 1570248                    /lib/x86_64-linux-gnu/libc-2.19.so
7f87e88b6000-7f87e88b8000 rw-p 001bd000 08:06 1570248                    /lib/x86_64-linux-gnu/libc-2.19.so
7f87e88b8000-7f87e88bd000 rw-p 00000000 00:00 0 
7f87e88bd000-7f87e88c0000 r-xp 00000000 08:06 1570236                    /lib/x86_64-linux-gnu/libdl-2.19.so
7f87e88c0000-7f87e8abf000 ---p 00003000 08:06 1570236                    /lib/x86_64-linux-gnu/libdl-2.19.so
7f87e8abf000-7f87e8ac0000 r--p 00002000 08:06 1570236                    /lib/x86_64-linux-gnu/libdl-2.19.so
7f87e8ac0000-7f87e8ac1000 rw-p 00003000 08:06 1570236                    /lib/x86_64-linux-gnu/libdl-2.19.so
7f87e8ac1000-7f87e8ad6000 r-xp 00000000 08:06 1865548                    /usr/lib/jvm/java-8-oracle/lib/amd64/jli/libjli.so
7f87e8ad6000-7f87e8cd6000 ---p 00015000 08:06 1865548                    /usr/lib/jvm/java-8-oracle/lib/amd64/jli/libjli.so
7f87e8cd6000-7f87e8cd7000 rw-p 00015000 08:06 1865548                    /usr/lib/jvm/java-8-oracle/lib/amd64/jli/libjli.so
7f87e8cd7000-7f87e8cf0000 r-xp 00000000 08:06 1570237                    /lib/x86_64-linux-gnu/libpthread-2.19.so
7f87e8cf0000-7f87e8eef000 ---p 00019000 08:06 1570237                    /lib/x86_64-linux-gnu/libpthread-2.19.so
7f87e8eef000-7f87e8ef0000 r--p 00018000 08:06 1570237                    /lib/x86_64-linux-gnu/libpthread-2.19.so
7f87e8ef0000-7f87e8ef1000 rw-p 00019000 08:06 1570237                    /lib/x86_64-linux-gnu/libpthread-2.19.so
7f87e8ef1000-7f87e8ef5000 rw-p 00000000 00:00 0 
7f87e8ef5000-7f87e8f18000 r-xp 00000000 08:06 1570243                    /lib/x86_64-linux-gnu/ld-2.19.so
7f87e8f1a000-7f87e8ff3000 rw-p 00000000 00:00 0 
7f87e8ff3000-7f87e8ff6000 ---p 00000000 00:00 0 
7f87e8ff6000-7f87e90f8000 rw-p 00000000 00:00 0                          [stack:17666]
7f87e90fb000-7f87e90fc000 rw-p 00000000 00:00 0 
7f87e90fc000-7f87e910b000 r--s 000dd000 08:06 833407                     /home/edward/Android/Sdk/build-tools/21.1.2/lib/dx.jar
7f87e910b000-7f87e9113000 rw-s 00000000 08:06 1066060                    /tmp/hsperfdata_edward/17661
7f87e9113000-7f87e9114000 rw-p 00000000 00:00 0 
7f87e9114000-7f87e9115000 ---p 00000000 00:00 0 
7f87e9115000-7f87e9117000 rw-p 00000000 00:00 0 
7f87e9117000-7f87e9118000 r--p 00022000 08:06 1570243                    /lib/x86_64-linux-gnu/ld-2.19.so
7f87e9118000-7f87e9119000 rw-p 00023000 08:06 1570243                    /lib/x86_64-linux-gnu/ld-2.19.so
7f87e9119000-7f87e911a000 rw-p 00000000 00:00 0 
7fff98151000-7fff98173000 rw-p 00000000 00:00 0                          [stack]
7fff981fc000-7fff981fe000 r-xp 00000000 00:00 0                          [vdso]
7fff981fe000-7fff98200000 r--p 00000000 00:00 0                          [vvar]
ffffffffff600000-ffffffffff601000 r-xp 00000000 00:00 0                  [vsyscall]

VM Arguments:
jvm_args: -Xmx1024M -Dfile.encoding=UTF-8 -Duser.country=US -Duser.language=en -Duser.variant 
java_command: com.android.dx.command.Main --dex --output /home/edward/AndroidStudioProjects/GUIFinalProject/app/build/intermediates/dex/debug /home/edward/AndroidStudioProjects/GUIFinalProject/app/build/intermediates/classes/debug /home/edward/AndroidStudioProjects/GUIFinalProject/app/build/intermediates/pre-dexed/debug/classes-e7c20d2370c1dbc6eacd943d24d5fa6b9919ecc3.jar /home/edward/AndroidStudioProjects/GUIFinalProject/app/build/intermediates/pre-dexed/debug/support-annotations-22.1.1-a127d755c8f62e476124e68300258eca50f0ab08.jar /home/edward/AndroidStudioProjects/GUIFinalProject/app/build/intermediates/pre-dexed/debug/classes-d4860da2264317adcf603721fd23c3e3580aca77.jar /home/edward/AndroidStudioProjects/GUIFinalProject/app/build/intermediates/pre-dexed/debug/classes-4c08ee3a92fd5287c93c829016d103dbd3399321.jar /home/edward/AndroidStudioProjects/GUIFinalProject/app/build/intermediates/pre-dexed/debug/classes-99c6ea2990c1f158d30a9ba6d9113b9256878c19.jar /home/edward/AndroidStudioProjects/GUIFinalProject/app/build/intermediates/pre-dexed/debug/classes-5eecde33e3b862a001c91f40481897fda012cd65.jar /home/edward/AndroidStudioProjects/GUIFinalProject/app/build/intermediates/pre-dexed/debug/classes-aaafc0d8609cc9a8296d1415f970ac09af8e2f81.jar /home/edward/AndroidStudioProjects/GUIFinalProject/app/build/intermediates/pre-dexed/debug/classes-6189f465b324711557f1de4a1c3b9cfd97913b15.jar /home/edward/AndroidStudioProjects/GUIFinalProject/app/build/intermediates/pre-dexed/debug/classes-caacc30ac06bc853fc42e836e34b7fed4165dc80.jar /home/edward/AndroidStudioProjects/GUIFinalProject/app/build/intermediates/pre-dexed/debug/scribe-1.3.5-56d9efbbc364b14209f8532da73af106284a6ceb.jar /home/edward/AndroidStudioProjects/GUIFinalProject/app/build/intermediates/pre-dexed/debug/volley-3d80368dd76cda47dbe15a6d07e15a7c28e96524.jar /home/edward/AndroidStudioProjects/GUIFinalProject/app/build/intermediates/pre-dexed/debug/classes-474c6f48468d8d55c6d42d147f52fdb04e095ffc.jar /home/edward/And
java_class_path (initial): /home/edward/Android/Sdk/build-tools/21.1.2/lib/dx.jar
Launcher Type: SUN_STANDARD

Environment Variables:
CLASSPATH=/home/edward/Downloads/android-studio/bin/../lib/bootstrap.jar:/home/edward/Downloads/android-studio/bin/../lib/extensions.jar:/home/edward/Downloads/android-studio/bin/../lib/util.jar:/home/edward/Downloads/android-studio/bin/../lib/jdom.jar:/home/edward/Downloads/android-studio/bin/../lib/log4j.jar:/home/edward/Downloads/android-studio/bin/../lib/trove4j.jar:/home/edward/Downloads/android-studio/bin/../lib/jna.jar:/usr/lib/jvm/java-8-oracle/lib/tools.jar
PATH=/usr/local/sbin:/usr/local/bin:/usr/sbin:/usr/bin:/sbin:/bin:/usr/games:/usr/local/games
LD_LIBRARY_PATH=/home/edward/Downloads/android-studio/bin:
SHELL=/usr/bin/fish
DISPLAY=:0

Signal Handlers:
SIGSEGV: [libjvm.so+0xaad1e0], sa_mask[0]=11111111011111111101111111111110, sa_flags=SA_RESTART|SA_SIGINFO
SIGBUS: [libjvm.so+0xaad1e0], sa_mask[0]=11111111011111111101111111111110, sa_flags=SA_RESTART|SA_SIGINFO
SIGFPE: [libjvm.so+0x90b450], sa_mask[0]=11111111011111111101111111111110, sa_flags=SA_RESTART|SA_SIGINFO
SIGPIPE: [libjvm.so+0x90b450], sa_mask[0]=11111111011111111101111111111110, sa_flags=SA_RESTART|SA_SIGINFO
SIGXFSZ: [libjvm.so+0x90b450], sa_mask[0]=11111111011111111101111111111110, sa_flags=SA_RESTART|SA_SIGINFO
SIGILL: [libjvm.so+0x90b450], sa_mask[0]=11111111011111111101111111111110, sa_flags=SA_RESTART|SA_SIGINFO
SIGUSR1: SIG_DFL, sa_mask[0]=00000000000000000000000000000000, sa_flags=none
SIGUSR2: [libjvm.so+0x90ca90], sa_mask[0]=00100000000000000000000000000000, sa_flags=SA_RESTART|SA_SIGINFO
SIGHUP: [libjvm.so+0x90dde0], sa_mask[0]=11111111011111111101111111111110, sa_flags=SA_RESTART|SA_SIGINFO
SIGINT: [libjvm.so+0x90dde0], sa_mask[0]=11111111011111111101111111111110, sa_flags=SA_RESTART|SA_SIGINFO
SIGTERM: [libjvm.so+0x90dde0], sa_mask[0]=11111111011111111101111111111110, sa_flags=SA_RESTART|SA_SIGINFO
SIGQUIT: [libjvm.so+0x90dde0], sa_mask[0]=11111111011111111101111111111110, sa_flags=SA_RESTART|SA_SIGINFO


---------------  S Y S T E M  ---------------

OS:DISTRIB_ID=Ubuntu
DISTRIB_RELEASE=14.10
DISTRIB_CODENAME=utopic
DISTRIB_DESCRIPTION="Ubuntu 14.10"

uname:Linux 3.16.0-23-generic #31-Ubuntu SMP Tue Oct 21 17:56:17 UTC 2014 x86_64
libc:glibc 2.19 NPTL 2.19 
rlimit: STACK 8192k, CORE 0k, NPROC 23708, NOFILE 4096, AS infinity
load average:3.46 2.28 2.26

/proc/meminfo:
MemTotal:        6091736 kB
MemFree:          132188 kB
MemAvailable:      81600 kB
Buffers:            1008 kB
Cached:            57816 kB
SwapCached:        16516 kB
Active:          2553236 kB
Inactive:         867652 kB
Active(anon):    2543148 kB
Inactive(anon):   858012 kB
Active(file):      10088 kB
Inactive(file):     9640 kB
Unevictable:         800 kB
Mlocked:             800 kB
SwapTotal:       6269948 kB
SwapFree:              0 kB
Dirty:              1988 kB
Writeback:             0 kB
AnonPages:       3349176 kB
Mapped:            54732 kB
Shmem:             39148 kB
Slab:             133040 kB
SReclaimable:      48040 kB
SUnreclaim:        85000 kB
KernelStack:       15600 kB
PageTables:        69548 kB
NFS_Unstable:          0 kB
Bounce:                0 kB
WritebackTmp:          0 kB
CommitLimit:     9315816 kB
Committed_AS:   17147356 kB
VmallocTotal:   34359738367 kB
VmallocUsed:      174716 kB
VmallocChunk:   34359559376 kB
HardwareCorrupted:     0 kB
AnonHugePages:    698368 kB
HugePages_Total:       0
HugePages_Free:        0
HugePages_Rsvd:        0
HugePages_Surp:        0
Hugepagesize:       2048 kB
DirectMap4k:     5484140 kB
DirectMap2M:      788480 kB


CPU:total 8 (4 cores per cpu, 2 threads per core) family 6 model 42 stepping 7, cmov, cx8, fxsr, mmx, sse, sse2, sse3, ssse3, sse4.1, sse4.2, popcnt, avx, aes, clmul, ht, tsc, tscinvbit

/proc/cpuinfo:
processor	: 0
vendor_id	: GenuineIntel
cpu family	: 6
model		: 42
model name	: Intel(R) Core(TM) i7-2670QM CPU @ 2.20GHz
stepping	: 7
microcode	: 0x1a
cpu MHz		: 2800.015
cache size	: 6144 KB
physical id	: 0
siblings	: 8
core id		: 0
cpu cores	: 4
apicid		: 0
initial apicid	: 0
fpu		: yes
fpu_exception	: yes
cpuid level	: 13
wp		: yes
flags		: fpu vme de pse tsc msr pae mce cx8 apic sep mtrr pge mca cmov pat pse36 clflush dts acpi mmx fxsr sse sse2 ss ht tm pbe syscall nx rdtscp lm constant_tsc arch_perfmon pebs bts rep_good nopl xtopology nonstop_tsc aperfmperf eagerfpu pni pclmulqdq dtes64 monitor ds_cpl vmx est tm2 ssse3 cx16 xtpr pdcm pcid sse4_1 sse4_2 x2apic popcnt tsc_deadline_timer aes xsave avx lahf_lm ida arat epb xsaveopt pln pts dtherm tpr_shadow vnmi flexpriority ept vpid
bogomips	: 4390.30
clflush size	: 64
cache_alignment	: 64
address sizes	: 36 bits physical, 48 bits virtual
power management:

processor	: 1
vendor_id	: GenuineIntel
cpu family	: 6
model		: 42
model name	: Intel(R) Core(TM) i7-2670QM CPU @ 2.20GHz
stepping	: 7
microcode	: 0x1a
cpu MHz		: 2800.015
cache size	: 6144 KB
physical id	: 0
siblings	: 8
core id		: 1
cpu cores	: 4
apicid		: 2
initial apicid	: 2
fpu		: yes
fpu_exception	: yes
cpuid level	: 13
wp		: yes
flags		: fpu vme de pse tsc msr pae mce cx8 apic sep mtrr pge mca cmov pat pse36 clflush dts acpi mmx fxsr sse sse2 ss ht tm pbe syscall nx rdtscp lm constant_tsc arch_perfmon pebs bts rep_good nopl xtopology nonstop_tsc aperfmperf eagerfpu pni pclmulqdq dtes64 monitor ds_cpl vmx est tm2 ssse3 cx16 xtpr pdcm pcid sse4_1 sse4_2 x2apic popcnt tsc_deadline_timer aes xsave avx lahf_lm ida arat epb xsaveopt pln pts dtherm tpr_shadow vnmi flexpriority ept vpid
bogomips	: 4390.30
clflush size	: 64
cache_alignment	: 64
address sizes	: 36 bits physical, 48 bits virtual
power management:

processor	: 2
vendor_id	: GenuineIntel
cpu family	: 6
model		: 42
model name	: Intel(R) Core(TM) i7-2670QM CPU @ 2.20GHz
stepping	: 7
microcode	: 0x1a
cpu MHz		: 2800.015
cache size	: 6144 KB
physical id	: 0
siblings	: 8
core id		: 2
cpu cores	: 4
apicid		: 4
initial apicid	: 4
fpu		: yes
fpu_exception	: yes
cpuid level	: 13
wp		: yes
flags		: fpu vme de pse tsc msr pae mce cx8 apic sep mtrr pge mca cmov pat pse36 clflush dts acpi mmx fxsr sse sse2 ss ht tm pbe syscall nx rdtscp lm constant_tsc arch_perfmon pebs bts rep_good nopl xtopology nonstop_tsc aperfmperf eagerfpu pni pclmulqdq dtes64 monitor ds_cpl vmx est tm2 ssse3 cx16 xtpr pdcm pcid sse4_1 sse4_2 x2apic popcnt tsc_deadline_timer aes xsave avx lahf_lm ida arat epb xsaveopt pln pts dtherm tpr_shadow vnmi flexpriority ept vpid
bogomips	: 4390.30
clflush size	: 64
cache_alignment	: 64
address sizes	: 36 bits physical, 48 bits virtual
power management:

processor	: 3
vendor_id	: GenuineIntel
cpu family	: 6
model		: 42
model name	: Intel(R) Core(TM) i7-2670QM CPU @ 2.20GHz
stepping	: 7
microcode	: 0x1a
cpu MHz		: 2799.929
cache size	: 6144 KB
physical id	: 0
siblings	: 8
core id		: 3
cpu cores	: 4
apicid		: 6
initial apicid	: 6
fpu		: yes
fpu_exception	: yes
cpuid level	: 13
wp		: yes
flags		: fpu vme de pse tsc msr pae mce cx8 apic sep mtrr pge mca cmov pat pse36 clflush dts acpi mmx fxsr sse sse2 ss ht tm pbe syscall nx rdtscp lm constant_tsc arch_perfmon pebs bts rep_good nopl xtopology nonstop_tsc aperfmperf eagerfpu pni pclmulqdq dtes64 monitor ds_cpl vmx est tm2 ssse3 cx16 xtpr pdcm pcid sse4_1 sse4_2 x2apic popcnt tsc_deadline_timer aes xsave avx lahf_lm ida arat epb xsaveopt pln pts dtherm tpr_shadow vnmi flexpriority ept vpid
bogomips	: 4390.30
clflush size	: 64
cache_alignment	: 64
address sizes	: 36 bits physical, 48 bits virtual
power management:

processor	: 4
vendor_id	: GenuineIntel
cpu family	: 6
model		: 42
model name	: Intel(R) Core(TM) i7-2670QM CPU @ 2.20GHz
stepping	: 7
microcode	: 0x1a
cpu MHz		: 2800.015
cache size	: 6144 KB
physical id	: 0
siblings	: 8
core id		: 0
cpu cores	: 4
apicid		: 1
initial apicid	: 1
fpu		: yes
fpu_exception	: yes
cpuid level	: 13
wp		: yes
flags		: fpu vme de pse tsc msr pae mce cx8 apic sep mtrr pge mca cmov pat pse36 clflush dts acpi mmx fxsr sse sse2 ss ht tm pbe syscall nx rdtscp lm constant_tsc arch_perfmon pebs bts rep_good nopl xtopology nonstop_tsc aperfmperf eagerfpu pni pclmulqdq dtes64 monitor ds_cpl vmx est tm2 ssse3 cx16 xtpr pdcm pcid sse4_1 sse4_2 x2apic popcnt tsc_deadline_timer aes xsave avx lahf_lm ida arat epb xsaveopt pln pts dtherm tpr_shadow vnmi flexpriority ept vpid
bogomips	: 4390.30
clflush size	: 64
cache_alignment	: 64
address sizes	: 36 bits physical, 48 bits virtual
power management:

processor	: 5
vendor_id	: GenuineIntel
cpu family	: 6
model		: 42
model name	: Intel(R) Core(TM) i7-2670QM CPU @ 2.20GHz
stepping	: 7
microcode	: 0x1a
cpu MHz		: 2800.015
cache size	: 6144 KB
physical id	: 0
siblings	: 8
core id		: 1
cpu cores	: 4
apicid		: 3
initial apicid	: 3
fpu		: yes
fpu_exception	: yes
cpuid level	: 13
wp		: yes
flags		: fpu vme de pse tsc msr pae mce cx8 apic sep mtrr pge mca cmov pat pse36 clflush dts acpi mmx fxsr sse sse2 ss ht tm pbe syscall nx rdtscp lm constant_tsc arch_perfmon pebs bts rep_good nopl xtopology nonstop_tsc aperfmperf eagerfpu pni pclmulqdq dtes64 monitor ds_cpl vmx est tm2 ssse3 cx16 xtpr pdcm pcid sse4_1 sse4_2 x2apic popcnt tsc_deadline_timer aes xsave avx lahf_lm ida arat epb xsaveopt pln pts dtherm tpr_shadow vnmi flexpriority ept vpid
bogomips	: 4390.30
clflush size	: 64
cache_alignment	: 64
address sizes	: 36 bits physical, 48 bits virtual
power management:

processor	: 6
vendor_id	: GenuineIntel
cpu family	: 6
model		: 42
model name	: Intel(R) Core(TM) i7-2670QM CPU @ 2.20GHz
stepping	: 7
microcode	: 0x1a
cpu MHz		: 2800.015
cache size	: 6144 KB
physical id	: 0
siblings	: 8
core id		: 2
cpu cores	: 4
apicid		: 5
initial apicid	: 5
fpu		: yes
fpu_exception	: yes
cpuid level	: 13
wp		: yes
flags		: fpu vme de pse tsc msr pae mce cx8 apic sep mtrr pge mca cmov pat pse36 clflush dts acpi mmx fxsr sse sse2 ss ht tm pbe syscall nx rdtscp lm constant_tsc arch_perfmon pebs bts rep_good nopl xtopology nonstop_tsc aperfmperf eagerfpu pni pclmulqdq dtes64 monitor ds_cpl vmx est tm2 ssse3 cx16 xtpr pdcm pcid sse4_1 sse4_2 x2apic popcnt tsc_deadline_timer aes xsave avx lahf_lm ida arat epb xsaveopt pln pts dtherm tpr_shadow vnmi flexpriority ept vpid
bogomips	: 4390.30
clflush size	: 64
cache_alignment	: 64
address sizes	: 36 bits physical, 48 bits virtual
power management:

processor	: 7
vendor_id	: GenuineIntel
cpu family	: 6
model		: 42
model name	: Intel(R) Core(TM) i7-2670QM CPU @ 2.20GHz
stepping	: 7
microcode	: 0x1a
cpu MHz		: 2800.015
cache size	: 6144 KB
physical id	: 0
siblings	: 8
core id		: 3
cpu cores	: 4
apicid		: 7
initial apicid	: 7
fpu		: yes
fpu_exception	: yes
cpuid level	: 13
wp		: yes
flags		: fpu vme de pse tsc msr pae mce cx8 apic sep mtrr pge mca cmov pat pse36 clflush dts acpi mmx fxsr sse sse2 ss ht tm pbe syscall nx rdtscp lm constant_tsc arch_perfmon pebs bts rep_good nopl xtopology nonstop_tsc aperfmperf eagerfpu pni pclmulqdq dtes64 monitor ds_cpl vmx est tm2 ssse3 cx16 xtpr pdcm pcid sse4_1 sse4_2 x2apic popcnt tsc_deadline_timer aes xsave avx lahf_lm ida arat epb xsaveopt pln pts dtherm tpr_shadow vnmi flexpriority ept vpid
bogomips	: 4390.30
clflush size	: 64
cache_alignment	: 64
address sizes	: 36 bits physical, 48 bits virtual
power management:



Memory: 4k page, physical 6091736k(133196k free), swap 6269948k(0k free)

vm_info: Java HotSpot(TM) 64-Bit Server VM (25.45-b02) for linux-amd64 JRE (1.8.0_45-b14), built on Apr 10 2015 10:07:45 by "java_re" with gcc 4.3.0 20080428 (Red Hat 4.3.0-8)

time: Mon May 11 22:22:59 2015
elapsed time: 2 seconds (0d 0h 0m 2s)

